"../../../Engine/Plugins/Interchange/Runtime/Content/Pipelines/DefaultTexturePipeline.uasset" 0
"../../../Engine/Plugins/Interchange/Runtime/Content/Pipelines/DefaultTexturePipeline.uexp" 1
"../../../Engine/Plugins/Interchange/Runtime/Content/Pipelines/DefaultSceneLevelPipeline.uasset" 2
"../../../Engine/Plugins/Interchange/Runtime/Content/Pipelines/DefaultSceneLevelPipeline.uexp" 3
"../../../Engine/Plugins/Interchange/Runtime/Content/Pipelines/DefaultSceneAssetsPipeline.uasset" 4
"../../../Engine/Plugins/Interchange/Runtime/Content/Pipelines/DefaultSceneAssetsPipeline.uexp" 5
"../../../Engine/Plugins/Interchange/Runtime/Content/Pipelines/DefaultMaterialXPipeline.uasset" 6
"../../../Engine/Plugins/Interchange/Runtime/Content/Pipelines/DefaultMaterialXPipeline.uexp" 7
"../../../Engine/Plugins/Interchange/Runtime/Content/Pipelines/DefaultMaterialPipeline.uasset" 8
"../../../Engine/Plugins/Interchange/Runtime/Content/Pipelines/DefaultMaterialPipeline.uexp" 9
"../../../Engine/Plugins/Interchange/Runtime/Content/Pipelines/DefaultGLTFSceneAssetsPipeline.uasset" 10
"../../../Engine/Plugins/Interchange/Runtime/Content/Pipelines/DefaultGLTFSceneAssetsPipeline.uexp" 11
"../../../Engine/Plugins/Interchange/Runtime/Content/Pipelines/DefaultGLTFPipeline.uasset" 12
"../../../Engine/Plugins/Interchange/Runtime/Content/Pipelines/DefaultGLTFPipeline.uexp" 13
"../../../Engine/Plugins/Interchange/Runtime/Content/Pipelines/DefaultGLTFAssetsPipeline.uasset" 14
"../../../Engine/Plugins/Interchange/Runtime/Content/Pipelines/DefaultGLTFAssetsPipeline.uexp" 15
"../../../Engine/Plugins/Interchange/Runtime/Content/Pipelines/DefaultAssetsPipeline.uasset" 16
"../../../Engine/Plugins/Interchange/Runtime/Content/Pipelines/DefaultAssetsPipeline.uexp" 17
"../../../Engine/Plugins/Animation/ControlRig/Content/Controls/DefaultGizmoLibraryNormalized.uasset" 18
"../../../Engine/Plugins/Animation/ControlRig/Content/Controls/DefaultGizmoLibraryNormalized.uexp" 19
"../../../Engine/Plugins/2D/Paper2D/Content/PlaceholderTextures/DummySpriteTexture.ubulk" 20
"../../../Engine/Plugins/2D/Paper2D/Content/PlaceholderTextures/DummySpriteTexture.uasset" 21
"../../../Engine/Plugins/2D/Paper2D/Content/PlaceholderTextures/DummySpriteTexture.uexp" 22
"../../../Engine/Plugins/2D/Paper2D/Content/DummySprite.uasset" 23
"../../../Engine/Plugins/2D/Paper2D/Content/DummySprite.uexp" 24
"../../../Engine/Plugins/2D/Paper2D/Content/DefaultPaperTerrainMaterial.uasset" 25
"../../../Engine/Plugins/2D/Paper2D/Content/DefaultPaperTerrainMaterial.uexp" 26
"../../../Engine/Content/MobileResources/HUD/VirtualJoystick_Background.uasset" 27
"../../../Engine/Content/MobileResources/HUD/VirtualJoystick_Background.uexp" 28
"../../../Engine/Content/MobileResources/HUD/VirtualJoystick_Thumb.uasset" 29
"../../../Engine/Content/MobileResources/HUD/VirtualJoystick_Thumb.uexp" 30
"../../../Engine/Content/MobileResources/HUD/DefaultVirtualJoysticks.uasset" 31
"../../../Engine/Content/MobileResources/HUD/DefaultVirtualJoysticks.uexp" 32
"../../../Engine/Content/EngineSounds/Master.uasset" 33
"../../../Engine/Content/EngineSounds/Master.uexp" 34
"../../../Engine/Content/EngineMaterials/DefaultPhysicalMaterial.uasset" 35
"../../../Engine/Content/EngineMaterials/DefaultPhysicalMaterial.uexp" 36
"../../../Engine/Content/EngineMaterials/DefaultDestructiblePhysicalMaterial.uasset" 37
"../../../Engine/Content/EngineMaterials/DefaultDestructiblePhysicalMaterial.uexp" 38
"../../../Engine/Content/EngineFonts/Faces/RobotoLight.uexp" 39
"../../../Engine/Content/EngineFonts/Faces/RobotoLight.uasset" 40
"../../../Engine/Content/EngineFonts/Faces/RobotoLight.ufont" 41
"../../../Engine/Content/EngineFonts/Faces/RobotoBold.uexp" 42
"../../../Engine/Content/EngineFonts/Faces/RobotoBold.uasset" 43
"../../../Engine/Content/EngineFonts/Faces/RobotoBold.ufont" 44
"../../../Engine/Content/EngineFonts/Faces/RobotoRegular.uexp" 45
"../../../Engine/Content/EngineFonts/Faces/RobotoRegular.uasset" 46
"../../../Engine/Content/EngineFonts/Faces/RobotoRegular.ufont" 47
"../../../Engine/Content/EngineFonts/Faces/DroidSansFallback.uexp" 48
"../../../Engine/Content/EngineFonts/Faces/DroidSansFallback.uasset" 49
"../../../Engine/Content/EngineFonts/Faces/DroidSansFallback.ufont" 50
"../../../Engine/Content/EngineFonts/Faces/RobotoItalic.uexp" 51
"../../../Engine/Content/EngineFonts/Faces/RobotoItalic.uasset" 52
"../../../Engine/Content/EngineFonts/Faces/RobotoItalic.ufont" 53
"../../../Engine/Content/EngineFonts/Faces/RobotoBoldItalic.uexp" 54
"../../../Engine/Content/EngineFonts/Faces/RobotoBoldItalic.uasset" 55
"../../../Engine/Content/EngineFonts/Faces/RobotoBoldItalic.ufont" 56
"../../../Engine/Content/EngineFonts/Roboto.uasset" 57
"../../../Engine/Content/EngineFonts/Roboto.uexp" 58
"../../../Engine/Content/Animation/DefaultRecorderBoneCompression.uasset" 59
"../../../Engine/Content/Animation/DefaultRecorderBoneCompression.uexp" 60
"../../../Engine/Content/EditorResources/S_Actor.ubulk" 61
"../../../Engine/Content/EditorResources/S_Actor.uasset" 62
"../../../Engine/Content/EditorResources/S_Actor.uexp" 63
"../../../Engine/Content/EditorResources/S_BoxReflectionCapture.uasset" 64
"../../../Engine/Content/EditorResources/S_BoxReflectionCapture.uexp" 65
"../../../Engine/Content/EngineResources/DefaultTexture.ubulk" 66
"../../../Engine/Content/EngineResources/DefaultTexture.uasset" 67
"../../../Engine/Content/EngineResources/DefaultTexture.uexp" 68
"../../../Engine/Content/EngineResources/DefaultTextureCube.uasset" 69
"../../../Engine/Content/EngineResources/DefaultTextureCube.uexp" 70
"../../../Engine/Content/EngineResources/DefaultVolumeTexture2D.uasset" 71
"../../../Engine/Content/EngineResources/DefaultVolumeTexture2D.uexp" 72
"../../../Engine/Content/EngineResources/DefaultVolumeTexture.uasset" 73
"../../../Engine/Content/EngineResources/DefaultVolumeTexture.uexp" 74
"../../../Engine/Content/EditorResources/S_Trigger.ubulk" 75
"../../../Engine/Content/EditorResources/S_Trigger.uasset" 76
"../../../Engine/Content/EditorResources/S_Trigger.uexp" 77
"../../../Engine/Content/EditorResources/S_TriggerBox.uasset" 78
"../../../Engine/Content/EditorResources/S_TriggerBox.uexp" 79
"../../../Engine/Content/EditorResources/S_TriggerCapsule.uasset" 80
"../../../Engine/Content/EditorResources/S_TriggerCapsule.uexp" 81
"../../../Engine/Content/EditorResources/S_TriggerSphere.uasset" 82
"../../../Engine/Content/EditorResources/S_TriggerSphere.uexp" 83
"D:/UnrealProject/StealthFPS/Content/Crosshair/crosshair.uasset" 84
"D:/UnrealProject/StealthFPS/Content/Crosshair/crosshair.uexp" 85
"../../../Engine/Content/EditorBlueprintResources/StandardMacros.uasset" 86
"../../../Engine/Content/EditorBlueprintResources/StandardMacros.uexp" 87
"D:/UnrealProject/StealthFPS/Content/UserWidget/WBP_AmmoStat.uasset" 88
"D:/UnrealProject/StealthFPS/Content/UserWidget/WBP_AmmoStat.uexp" 89
"D:/UnrealProject/StealthFPS/Content/UserWidget/WBP_Main.uasset" 90
"D:/UnrealProject/StealthFPS/Content/UserWidget/WBP_Main.uexp" 91
"D:/UnrealProject/StealthFPS/Content/Blueprint/PlayerController/BP_PlayerController.uasset" 92
"D:/UnrealProject/StealthFPS/Content/Blueprint/PlayerController/BP_PlayerController.uexp" 93
"../../../Engine/Plugins/Runtime/MeshModelingToolset/Content/Materials/M_DynamicMeshComponentVtxColor.uasset" 94
"../../../Engine/Plugins/Runtime/MeshModelingToolset/Content/Materials/M_DynamicMeshComponentVtxColor.uexp" 95
"../../../Engine/Plugins/Runtime/HairStrands/Content/Materials/HairMeshesDefaultMaterial.uasset" 96
"../../../Engine/Plugins/Runtime/HairStrands/Content/Materials/HairMeshesDefaultMaterial.uexp" 97
"../../../Engine/Plugins/Runtime/HairStrands/Content/Materials/HairDefaultMaterial.uasset" 98
"../../../Engine/Plugins/Runtime/HairStrands/Content/Materials/HairDefaultMaterial.uexp" 99
"../../../Engine/Plugins/Runtime/HairStrands/Content/Materials/HairGroupColors.uasset" 100
"../../../Engine/Plugins/Runtime/HairStrands/Content/Materials/HairGroupColors.uexp" 101
"../../../Engine/Content/Functions/Engine_MaterialFunctions02/Utility/MakeFloat2.uasset" 102
"../../../Engine/Content/Functions/Engine_MaterialFunctions02/Utility/MakeFloat2.uexp" 103
"../../../Engine/Content/Functions/Engine_MaterialFunctions02/Utility/MakeFloat3.uasset" 104
"../../../Engine/Content/Functions/Engine_MaterialFunctions02/Utility/MakeFloat3.uexp" 105
"../../../Engine/Content/EngineMaterials/HairColorMap.uasset" 106
"../../../Engine/Content/EngineMaterials/HairColorMap.uexp" 107
"../../../Engine/Content/EngineMaterials/HairDebugColor.uasset" 108
"../../../Engine/Content/EngineMaterials/HairDebugColor.uexp" 109
"../../../Engine/Plugins/Runtime/HairStrands/Content/Materials/HairDebugMaterial.uasset" 110
"../../../Engine/Plugins/Runtime/HairStrands/Content/Materials/HairDebugMaterial.uexp" 111
"../../../Engine/Plugins/Runtime/HairStrands/Content/Materials/HairCardsDefaultMaterial.uasset" 112
"../../../Engine/Plugins/Runtime/HairStrands/Content/Materials/HairCardsDefaultMaterial.uexp" 113
"../../../Engine/Plugins/Runtime/AudioWidgets/Content/Resources/ScrubHandleDown_Clamped.uasset" 114
"../../../Engine/Plugins/Runtime/AudioWidgets/Content/Resources/ScrubHandleDown_Clamped.uexp" 115
"../../../Engine/Plugins/NNE/NNEDenoiser/Content/NNEDTOM_Output_Default.uasset" 116
"../../../Engine/Plugins/NNE/NNEDenoiser/Content/NNEDTOM_Output_Default.uexp" 117
"../../../Engine/Plugins/NNE/NNEDenoiser/Content/NNEDTOM_Output_Alpha.uasset" 118
"../../../Engine/Plugins/NNE/NNEDenoiser/Content/NNEDTOM_Output_Alpha.uexp" 119
"../../../Engine/Plugins/NNE/NNEDenoiser/Content/NNEDTIM_ColorAlbedoNormal_Default.uasset" 120
"../../../Engine/Plugins/NNE/NNEDenoiser/Content/NNEDTIM_ColorAlbedoNormal_Default.uexp" 121
"../../../Engine/Plugins/NNE/NNEDenoiser/Content/NNEDTIM_ColorAlbedoNormal_Alpha.uasset" 122
"../../../Engine/Plugins/NNE/NNEDenoiser/Content/NNEDTIM_ColorAlbedoNormal_Alpha.uexp" 123
"../../../Engine/Plugins/NNE/NNEDenoiser/Content/NNEDOM_Output_Default.uasset" 124
"../../../Engine/Plugins/NNE/NNEDenoiser/Content/NNEDOM_Output_Default.uexp" 125
"../../../Engine/Plugins/NNE/NNEDenoiser/Content/NNEDOM_Output_Alpha.uasset" 126
"../../../Engine/Plugins/NNE/NNEDenoiser/Content/NNEDOM_Output_Alpha.uexp" 127
"../../../Engine/Plugins/NNE/NNEDenoiser/Content/NNEDIM_HighQuality_Default.uasset" 128
"../../../Engine/Plugins/NNE/NNEDenoiser/Content/NNEDIM_HighQuality_Default.uexp" 129
"../../../Engine/Plugins/NNE/NNEDenoiser/Content/NNEDIM_HighQuality_Alpha.uasset" 130
"../../../Engine/Plugins/NNE/NNEDenoiser/Content/NNEDIM_HighQuality_Alpha.uexp" 131
"../../../Engine/Plugins/NNE/NNEDenoiser/Content/NNEDIM_ColorAlbedoNormal_Default.uasset" 132
"../../../Engine/Plugins/NNE/NNEDenoiser/Content/NNEDIM_ColorAlbedoNormal_Default.uexp" 133
"../../../Engine/Plugins/NNE/NNEDenoiser/Content/NNEDIM_ColorAlbedoNormal_Alpha.uasset" 134
"../../../Engine/Plugins/NNE/NNEDenoiser/Content/NNEDIM_ColorAlbedoNormal_Alpha.uexp" 135
"../../../Engine/Plugins/Interchange/Assets/Content/Functions/MX_UsdPreviewSurface.uasset" 136
"../../../Engine/Plugins/Interchange/Assets/Content/Functions/MX_UsdPreviewSurface.uexp" 137
"../../../Engine/Plugins/Interchange/Assets/Content/Functions/MX_UniformEDF.uasset" 138
"../../../Engine/Plugins/Interchange/Assets/Content/Functions/MX_UniformEDF.uexp" 139
"../../../Engine/Plugins/Interchange/Assets/Content/Functions/MX_TranslucentBSDF.uasset" 140
"../../../Engine/Plugins/Interchange/Assets/Content/Functions/MX_TranslucentBSDF.uexp" 141
"../../../Engine/Plugins/Interchange/Assets/Content/Functions/MX_ThinFilmBSDF.uasset" 142
"../../../Engine/Plugins/Interchange/Assets/Content/Functions/MX_ThinFilmBSDF.uexp" 143
"../../../Engine/Plugins/Interchange/Assets/Content/Functions/MX_SurfaceUnlit.uasset" 144
"../../../Engine/Plugins/Interchange/Assets/Content/Functions/MX_SurfaceUnlit.uexp" 145
"../../../Engine/Plugins/Interchange/Assets/Content/Functions/MX_Surface.uasset" 146
"../../../Engine/Plugins/Interchange/Assets/Content/Functions/MX_Surface.uexp" 147
"../../../Engine/Plugins/Interchange/Assets/Content/Functions/MX_SubsurfaceBSDF.uasset" 148
"../../../Engine/Plugins/Interchange/Assets/Content/Functions/MX_SubsurfaceBSDF.uexp" 149
"../../../Engine/Plugins/Interchange/Assets/Content/Functions/MX_SheenBSDF.uasset" 150
"../../../Engine/Plugins/Interchange/Assets/Content/Functions/MX_SheenBSDF.uexp" 151
"../../../Engine/Plugins/Interchange/Assets/Content/Functions/MX_OrenNayarBSDF.uasset" 152
"../../../Engine/Plugins/Interchange/Assets/Content/Functions/MX_OrenNayarBSDF.uexp" 153
"../../../Engine/Plugins/Interchange/Assets/Content/Utilities/New_LUT.uasset" 154
"../../../Engine/Plugins/Interchange/Assets/Content/Utilities/New_LUT.uexp" 155
"../../../Engine/Content/Functions/Engine_MaterialFunctions03/Math/RemapValueRange.uasset" 156
"../../../Engine/Content/Functions/Engine_MaterialFunctions03/Math/RemapValueRange.uexp" 157
"../../../Engine/Plugins/Interchange/Assets/Content/Functions/MF_Iridescence.uasset" 158
"../../../Engine/Plugins/Interchange/Assets/Content/Functions/MF_Iridescence.uexp" 159
"../../../Engine/Plugins/Interchange/Assets/Content/Functions/MX_StandardSurface.uasset" 160
"../../../Engine/Plugins/Interchange/Assets/Content/Functions/MX_StandardSurface.uexp" 161
"../../../Engine/Plugins/Interchange/Assets/Content/Functions/MX_TransmissionSurface.uasset" 162
"../../../Engine/Plugins/Interchange/Assets/Content/Functions/MX_TransmissionSurface.uexp" 163
"../../../Engine/Plugins/Interchange/Assets/Content/Functions/MX_OpenPBR_Translucent.uasset" 164
"../../../Engine/Plugins/Interchange/Assets/Content/Functions/MX_OpenPBR_Translucent.uexp" 165
"../../../Engine/Plugins/Interchange/Assets/Content/Functions/MX_OpenPBR_Opaque.uasset" 166
"../../../Engine/Plugins/Interchange/Assets/Content/Functions/MX_OpenPBR_Opaque.uexp" 167
"../../../Engine/Plugins/Interchange/Assets/Content/Functions/MX_MeasuredEDF.uasset" 168
"../../../Engine/Plugins/Interchange/Assets/Content/Functions/MX_MeasuredEDF.uexp" 169
"../../../Engine/Plugins/Interchange/Assets/Content/Functions/MX_GeneralizedSchlickBSDF.uasset" 170
"../../../Engine/Plugins/Interchange/Assets/Content/Functions/MX_GeneralizedSchlickBSDF.uexp" 171
"../../../Engine/Plugins/Interchange/Assets/Content/Functions/MX_DielectricBSDF.uasset" 172
"../../../Engine/Plugins/Interchange/Assets/Content/Functions/MX_DielectricBSDF.uexp" 173
"../../../Engine/Plugins/Interchange/Assets/Content/Functions/MX_ConicalEDF.uasset" 174
"../../../Engine/Plugins/Interchange/Assets/Content/Functions/MX_ConicalEDF.uexp" 175
"../../../Engine/Plugins/Interchange/Assets/Content/Functions/MX_ConductorBSDF.uasset" 176
"../../../Engine/Plugins/Interchange/Assets/Content/Functions/MX_ConductorBSDF.uexp" 177
"../../../Engine/Plugins/Interchange/Assets/Content/Functions/MX_BurleyDiffuseBSDF.uasset" 178
"../../../Engine/Plugins/Interchange/Assets/Content/Functions/MX_BurleyDiffuseBSDF.uexp" 179
"../../../Engine/Plugins/Interchange/Assets/Content/Functions/MX_AnisotropicVDF.uasset" 180
"../../../Engine/Plugins/Interchange/Assets/Content/Functions/MX_AnisotropicVDF.uexp" 181
"../../../Engine/Plugins/Interchange/Assets/Content/Functions/MX_AbsorptionVDF.uasset" 182
"../../../Engine/Plugins/Interchange/Assets/Content/Functions/MX_AbsorptionVDF.uexp" 183
"../../../Engine/Plugins/Editor/SpeedTreeImporter/Content/SpeedTree9/game_wind_noise.ubulk" 184
"../../../Engine/Plugins/Editor/SpeedTreeImporter/Content/SpeedTree9/game_wind_noise.uasset" 185
"../../../Engine/Plugins/Editor/SpeedTreeImporter/Content/SpeedTree9/game_wind_noise.uexp" 186
"../../../Engine/Plugins/Editor/SpeedTreeImporter/Content/SpeedTree9/UnpackDirection.uasset" 187
"../../../Engine/Plugins/Editor/SpeedTreeImporter/Content/SpeedTree9/UnpackDirection.uexp" 188
"../../../Engine/Content/Functions/Engine_MaterialFunctions02/ObjectLocalBounds.uasset" 189
"../../../Engine/Content/Functions/Engine_MaterialFunctions02/ObjectLocalBounds.uexp" 190
"../../../Engine/Content/Functions/Engine_MaterialFunctions02/Utility/BreakOutFloat3Components.uasset" 191
"../../../Engine/Content/Functions/Engine_MaterialFunctions02/Utility/BreakOutFloat3Components.uexp" 192
"../../../Engine/Content/Functions/Engine_MaterialFunctions02/UVs/BoundingBoxBased_0-1_UVW.uasset" 193
"../../../Engine/Content/Functions/Engine_MaterialFunctions02/UVs/BoundingBoxBased_0-1_UVW.uexp" 194
"../../../Engine/Content/Functions/Engine_MaterialFunctions02/Utility/VectorLength.uasset" 195
"../../../Engine/Content/Functions/Engine_MaterialFunctions02/Utility/VectorLength.uexp" 196
"../../../Engine/Plugins/Editor/SpeedTreeImporter/Content/SpeedTree9/UnpackInteger3.uasset" 197
"../../../Engine/Plugins/Editor/SpeedTreeImporter/Content/SpeedTree9/UnpackInteger3.uexp" 198
"../../../Engine/Plugins/Editor/SpeedTreeImporter/Content/SpeedTree9/SpeedTreeCameraFacing.uasset" 199
"../../../Engine/Plugins/Editor/SpeedTreeImporter/Content/SpeedTree9/SpeedTreeCameraFacing.uexp" 200
"../../../Engine/Content/Functions/Engine_MaterialFunctions02/WorldPositionOffset/ObjectScale.uasset" 201
"../../../Engine/Content/Functions/Engine_MaterialFunctions02/WorldPositionOffset/ObjectScale.uexp" 202
"../../../Engine/Content/Functions/Engine_MaterialFunctions02/SafeNormalize.uasset" 203
"../../../Engine/Content/Functions/Engine_MaterialFunctions02/SafeNormalize.uexp" 204
"../../../Engine/Plugins/Editor/SpeedTreeImporter/Content/SpeedTree9/SpeedTreeWindMotion.uasset" 205
"../../../Engine/Plugins/Editor/SpeedTreeImporter/Content/SpeedTree9/SpeedTreeWindMotion.uexp" 206
"../../../Engine/Plugins/Editor/SpeedTreeImporter/Content/SpeedTree9/SpeedTreeBranchMotion.uasset" 207
"../../../Engine/Plugins/Editor/SpeedTreeImporter/Content/SpeedTree9/SpeedTreeBranchMotion.uexp" 208
"../../../Engine/Plugins/Editor/SpeedTreeImporter/Content/SpeedTree9/SpeedTreeWind.uasset" 209
"../../../Engine/Plugins/Editor/SpeedTreeImporter/Content/SpeedTree9/SpeedTreeWind.uexp" 210
"../../../Engine/Plugins/Editor/SpeedTreeImporter/Content/SpeedTree9/EmptyNormal.uasset" 211
"../../../Engine/Plugins/Editor/SpeedTreeImporter/Content/SpeedTree9/EmptyNormal.uexp" 212
"../../../Engine/Plugins/Editor/SpeedTreeImporter/Content/SpeedTree9/Empty.uasset" 213
"../../../Engine/Plugins/Editor/SpeedTreeImporter/Content/SpeedTree9/Empty.uexp" 214
"../../../Engine/Plugins/Editor/SpeedTreeImporter/Content/SpeedTree9/SpeedTreeMaster.uasset" 215
"../../../Engine/Plugins/Editor/SpeedTreeImporter/Content/SpeedTree9/SpeedTreeMaster.uexp" 216
"../../../Engine/Plugins/Editor/SpeedTreeImporter/Content/SpeedTree9/SpeedTreeBillboard.uasset" 217
"../../../Engine/Plugins/Editor/SpeedTreeImporter/Content/SpeedTree9/SpeedTreeBillboard.uexp" 218
"../../../Engine/Plugins/Editor/SpeedTreeImporter/Content/SpeedTree9/SpeedTreeBillboardMaster.uasset" 219
"../../../Engine/Plugins/Editor/SpeedTreeImporter/Content/SpeedTree9/SpeedTreeBillboardMaster.uexp" 220
"../../../Engine/Content/Functions/Engine_MaterialFunctions02/WorldPositionOffset/CameraOffset.uasset" 221
"../../../Engine/Content/Functions/Engine_MaterialFunctions02/WorldPositionOffset/CameraOffset.uexp" 222
"../../../Engine/Plugins/Animation/ControlRig/Content/M_Manip.uasset" 223
"../../../Engine/Plugins/Animation/ControlRig/Content/M_Manip.uexp" 224
"../../../Engine/Plugins/Animation/ControlRig/Content/Controls/ControlRigXRayMaterial.uasset" 225
"../../../Engine/Plugins/Animation/ControlRig/Content/Controls/ControlRigXRayMaterial.uexp" 226
"../../../Engine/Plugins/Animation/ControlRig/Content/Controls/ControlRigGizmoMaterial.uasset" 227
"../../../Engine/Plugins/Animation/ControlRig/Content/Controls/ControlRigGizmoMaterial.uexp" 228
"../../../Engine/Content/EngineResources/GradientTexture0.uasset" 229
"../../../Engine/Content/EngineResources/GradientTexture0.uexp" 230
"../../../Engine/Content/EngineResources/Black.uasset" 231
"../../../Engine/Content/EngineResources/Black.uexp" 232
"../../../Engine/Content/EngineResources/FilmGrains/Marcie_Grain_v3_128_M2_000.uasset" 233
"../../../Engine/Content/EngineResources/FilmGrains/Marcie_Grain_v3_128_M2_000.uexp" 234
"../../../Engine/Content/EngineMaterials/WeightMapPlaceholderTexture.uasset" 235
"../../../Engine/Content/EngineMaterials/WeightMapPlaceholderTexture.uexp" 236
"../../../Engine/Content/EngineMaterials/WeightMapArrayPlaceholderTexture.uasset" 237
"../../../Engine/Content/EngineMaterials/WeightMapArrayPlaceholderTexture.uexp" 238
"../../../Engine/Content/EngineMaterials/RemoveSurfaceMaterial.uasset" 239
"../../../Engine/Content/EngineMaterials/RemoveSurfaceMaterial.uexp" 240
"../../../Engine/Content/EngineMaterials/PreintegratedSkinBRDF.uasset" 241
"../../../Engine/Content/EngineMaterials/PreintegratedSkinBRDF.uexp" 242
"../../../Engine/Content/EngineMaterials/DefaultCalibrationGrayscale.uasset" 243
"../../../Engine/Content/EngineMaterials/DefaultCalibrationGrayscale.uexp" 244
"../../../Engine/Content/EngineMaterials/PPM_DefaultCalibrationGrayscale.uasset" 245
"../../../Engine/Content/EngineMaterials/PPM_DefaultCalibrationGrayscale.uexp" 246
"../../../Engine/Content/EngineMaterials/DefaultCalibrationColor.uasset" 247
"../../../Engine/Content/EngineMaterials/DefaultCalibrationColor.uexp" 248
"../../../Engine/Content/EngineMaterials/PPM_DefaultCalibrationColor.uasset" 249
"../../../Engine/Content/EngineMaterials/PPM_DefaultCalibrationColor.uexp" 250
"../../../Engine/Content/EngineMaterials/PhAT_JointLimitMaterial.uasset" 251
"../../../Engine/Content/EngineMaterials/PhAT_JointLimitMaterial.uexp" 252
"../../../Engine/Content/EngineMaterials/NaniteHiddenSectionMaterial.uasset" 253
"../../../Engine/Content/EngineMaterials/NaniteHiddenSectionMaterial.uexp" 254
"../../../Engine/Content/EngineMaterials/InvalidLightmapSettings.ubulk" 255
"../../../Engine/Content/EngineMaterials/InvalidLightmapSettings.uasset" 256
"../../../Engine/Content/EngineMaterials/InvalidLightmapSettings.uexp" 257
"../../../Engine/Content/EngineMaterials/M_InvalidLightmapSettings.uasset" 258
"../../../Engine/Content/EngineMaterials/M_InvalidLightmapSettings.uexp" 259
"../../../Engine/Content/EngineMaterials/MiniFont.uasset" 260
"../../../Engine/Content/EngineMaterials/MiniFont.uexp" 261
"../../../Engine/Content/EngineMaterials/GizmoMaterial.uasset" 262
"../../../Engine/Content/EngineMaterials/GizmoMaterial.uexp" 263
"../../../Engine/Content/EngineMaterials/BaseFlattenEmissiveMap_VT.uasset" 264
"../../../Engine/Content/EngineMaterials/BaseFlattenEmissiveMap_VT.uexp" 265
"../../../Engine/Content/EngineMaterials/BaseFlattenGrayscaleMap_VT.uasset" 266
"../../../Engine/Content/EngineMaterials/BaseFlattenGrayscaleMap_VT.uexp" 267
"../../../Engine/Content/EngineMaterials/BaseFlattenLinearColor_VT.uasset" 268
"../../../Engine/Content/EngineMaterials/BaseFlattenLinearColor_VT.uexp" 269
"../../../Engine/Content/EngineMaterials/Black_1x1_EXR_Texture_VT.uasset" 270
"../../../Engine/Content/EngineMaterials/Black_1x1_EXR_Texture_VT.uexp" 271
"../../../Engine/Content/EngineMaterials/BaseFlattenDiffuseMap_VT.uasset" 272
"../../../Engine/Content/EngineMaterials/BaseFlattenDiffuseMap_VT.uexp" 273
"../../../Engine/Content/EngineMaterials/BaseFlattenNormalMap_VT.uasset" 274
"../../../Engine/Content/EngineMaterials/BaseFlattenNormalMap_VT.uexp" 275
"../../../Engine/Content/EngineMaterials/FlattenMaterial_WS_Normal_VT.uasset" 276
"../../../Engine/Content/EngineMaterials/FlattenMaterial_WS_Normal_VT.uexp" 277
"../../../Engine/Content/EngineMaterials/FlattenMaterial_VT.uasset" 278
"../../../Engine/Content/EngineMaterials/FlattenMaterial_VT.uexp" 279
"../../../Engine/Content/EngineMaterials/BaseFlattenNormalMap.uasset" 280
"../../../Engine/Content/EngineMaterials/BaseFlattenNormalMap.uexp" 281
"../../../Engine/Content/EngineMaterials/BaseFlattenGrayscaleMap.uasset" 282
"../../../Engine/Content/EngineMaterials/BaseFlattenGrayscaleMap.uexp" 283
"../../../Engine/Content/EngineMaterials/BaseFlattenDiffuseMap.uasset" 284
"../../../Engine/Content/EngineMaterials/BaseFlattenDiffuseMap.uexp" 285
"../../../Engine/Content/Functions/Engine_MaterialFunctions02/PivotPainter2/Black_1x1_EXR_Texture.uasset" 286
"../../../Engine/Content/Functions/Engine_MaterialFunctions02/PivotPainter2/Black_1x1_EXR_Texture.uexp" 287
"../../../Engine/Content/EngineMaterials/BaseFlattenEmissiveMap.uasset" 288
"../../../Engine/Content/EngineMaterials/BaseFlattenEmissiveMap.uexp" 289
"../../../Engine/Content/EngineMaterials/BaseFlattenLinearColor.uasset" 290
"../../../Engine/Content/EngineMaterials/BaseFlattenLinearColor.uexp" 291
"../../../Engine/Content/EngineMaterials/FlattenMaterial.uasset" 292
"../../../Engine/Content/EngineMaterials/FlattenMaterial.uexp" 293
"../../../Engine/Content/EngineMaterials/FastBlueNoise_vec2_128x128x64.uasset" 294
"../../../Engine/Content/EngineMaterials/FastBlueNoise_vec2_128x128x64.uexp" 295
"../../../Engine/Content/EngineMaterials/FastBlueNoise_scalar_128x128x64.uasset" 296
"../../../Engine/Content/EngineMaterials/FastBlueNoise_scalar_128x128x64.uexp" 297
"../../../Engine/Content/EngineMaterials/DefaultWhiteGrid_Low.uasset" 298
"../../../Engine/Content/EngineMaterials/DefaultWhiteGrid_Low.uexp" 299
"../../../Engine/Content/EngineMaterials/EmissiveMeshMaterial.uasset" 300
"../../../Engine/Content/EngineMaterials/EmissiveMeshMaterial.uexp" 301
"../../../Engine/Content/EngineMaterials/DefaultWhiteGrid.ubulk" 302
"../../../Engine/Content/EngineMaterials/DefaultWhiteGrid.uasset" 303
"../../../Engine/Content/EngineMaterials/DefaultWhiteGrid.uexp" 304
"../../../Engine/Content/EngineFonts/RobotoDistanceField.uasset" 305
"../../../Engine/Content/EngineFonts/RobotoDistanceField.uexp" 306
"../../../Engine/Content/EngineMaterials/DefaultTextMaterialOpaque.uasset" 307
"../../../Engine/Content/EngineMaterials/DefaultTextMaterialOpaque.uexp" 308
"../../../Engine/Content/EngineMaterials/DefaultDiffuse.ubulk" 309
"../../../Engine/Content/EngineMaterials/DefaultDiffuse.uasset" 310
"../../../Engine/Content/EngineMaterials/DefaultDiffuse.uexp" 311
"../../../Engine/Content/Functions/Engine_MaterialFunctions02/Utility/BreakOutFloat2Components.uasset" 312
"../../../Engine/Content/Functions/Engine_MaterialFunctions02/Utility/BreakOutFloat2Components.uexp" 313
"../../../Engine/Content/EngineMaterials/DefaultPostProcessMaterial.uasset" 314
"../../../Engine/Content/EngineMaterials/DefaultPostProcessMaterial.uexp" 315
"../../../Engine/Content/EngineMaterials/DefaultLightFunctionMaterial.uasset" 316
"../../../Engine/Content/EngineMaterials/DefaultLightFunctionMaterial.uexp" 317
"../../../Engine/Content/EngineMaterials/DefaultDeferredDecalMaterial.uasset" 318
"../../../Engine/Content/EngineMaterials/DefaultDeferredDecalMaterial.uexp" 319
"../../../Engine/Content/EngineMaterials/DefaultBokeh.uasset" 320
"../../../Engine/Content/EngineMaterials/DefaultBokeh.uexp" 321
"../../../Engine/Content/EngineMaterials/DefaultBloomKernel.uasset" 322
"../../../Engine/Content/EngineMaterials/DefaultBloomKernel.uexp" 323
"../../../Engine/Content/EngineMaterials/LTC/Sheen_LTC.uasset" 324
"../../../Engine/Content/EngineMaterials/LTC/Sheen_LTC.uexp" 325
"../../../Engine/Content/EngineMaterials/LTC/GGX_LTCMat.uasset" 326
"../../../Engine/Content/EngineMaterials/LTC/GGX_LTCMat.uexp" 327
"../../../Engine/Content/EngineMaterials/LTC/GGX_LTCAmp.uasset" 328
"../../../Engine/Content/EngineMaterials/LTC/GGX_LTCAmp.uexp" 329
"../../../Engine/Content/EngineMaterials/EnergyConservation/Sheen_Energy.uasset" 330
"../../../Engine/Content/EngineMaterials/EnergyConservation/Sheen_Energy.uexp" 331
"../../../Engine/Content/EngineMaterials/EnergyConservation/SheenLegacy_Energy.uasset" 332
"../../../Engine/Content/EngineMaterials/EnergyConservation/SheenLegacy_Energy.uexp" 333
"../../../Engine/Content/EngineMaterials/EnergyConservation/GGX_TransmissionEnergyArray.uasset" 334
"../../../Engine/Content/EngineMaterials/EnergyConservation/GGX_TransmissionEnergyArray.uexp" 335
"../../../Engine/Content/EngineMaterials/EnergyConservation/GGX_ReflectionEnergy.uasset" 336
"../../../Engine/Content/EngineMaterials/EnergyConservation/GGX_ReflectionEnergy.uexp" 337
"../../../Engine/Content/EngineMaterials/EnergyConservation/Diffuse_Energy.uasset" 338
"../../../Engine/Content/EngineMaterials/EnergyConservation/Diffuse_Energy.uexp" 339
"../../../Engine/Content/Functions/Engine_MaterialFunctions02/Utility/CameraDirectionVector.uasset" 340
"../../../Engine/Content/Functions/Engine_MaterialFunctions02/Utility/CameraDirectionVector.uexp" 341
"../../../Engine/Content/EngineDebugMaterials/VolumeToRender.uasset" 342
"../../../Engine/Content/EngineDebugMaterials/VolumeToRender.uexp" 343
"../../../Engine/Content/EngineDebugMaterials/M_VolumeRenderSphereTracePP.uasset" 344
"../../../Engine/Content/EngineDebugMaterials/M_VolumeRenderSphereTracePP.uexp" 345
"../../../Engine/Content/EngineDebugMaterials/M_SimpleUnlitTranslucent.uasset" 346
"../../../Engine/Content/EngineDebugMaterials/M_SimpleUnlitTranslucent.uexp" 347
"../../../Engine/Content/EngineDebugMaterials/DebugMeshMaterial.uasset" 348
"../../../Engine/Content/EngineDebugMaterials/DebugMeshMaterial.uexp" 349
"../../../Engine/Content/EngineDebugMaterials/DebugEditorMaterial.uasset" 350
"../../../Engine/Content/EngineDebugMaterials/DebugEditorMaterial.uexp" 351
"../../../Engine/Content/EngineDamageTypes/DmgTypeBP_Environmental.uasset" 352
"../../../Engine/Content/EngineDamageTypes/DmgTypeBP_Environmental.uexp" 353
"../../../Engine/Content/EditorResources/S_Terrain.ubulk" 354
"../../../Engine/Content/EditorResources/S_Terrain.uasset" 355
"../../../Engine/Content/EditorResources/S_Terrain.uexp" 356
"../../../Engine/Content/EditorResources/S_Solver.ubulk" 357
"../../../Engine/Content/EditorResources/S_Solver.uasset" 358
"../../../Engine/Content/EditorResources/S_Solver.uexp" 359
"../../../Engine/Content/EditorResources/EmptyActor.uasset" 360
"../../../Engine/Content/EditorResources/EmptyActor.uexp" 361
"../../../Engine/Content/EditorResources/BSPVertex.uasset" 362
"../../../Engine/Content/EditorResources/BSPVertex.uexp" 363
"../../../Engine/Content/EditorResources/SequenceRecorder/RecordingIndicator.uasset" 364
"../../../Engine/Content/EditorResources/SequenceRecorder/RecordingIndicator.uexp" 365
"../../../Engine/Content/EditorResources/SequenceRecorder/Countdown.uasset" 366
"../../../Engine/Content/EditorResources/SequenceRecorder/Countdown.uexp" 367
"../../../Engine/Content/EditorMaterials/PreviewShadowIndicator.ubulk" 368
"../../../Engine/Content/EditorMaterials/PreviewShadowIndicator.uasset" 369
"../../../Engine/Content/EditorMaterials/PreviewShadowIndicator.uexp" 370
"../../../Engine/Content/EditorMaterials/PreviewShadowIndicatorMaterial.uasset" 371
"../../../Engine/Content/EditorMaterials/PreviewShadowIndicatorMaterial.uexp" 372
"../../../Engine/Content/EditorMaterials/PhAT_UnselectedMaterial.uasset" 373
"../../../Engine/Content/EditorMaterials/PhAT_UnselectedMaterial.uexp" 374
"../../../Engine/Content/EditorMaterials/PhAT_NoCollisionMaterial.uasset" 375
"../../../Engine/Content/EditorMaterials/PhAT_NoCollisionMaterial.uexp" 376
"../../../Engine/Content/EditorMaterials/ParticleSystems/PSysThumbnail_OOD.ubulk" 377
"../../../Engine/Content/EditorMaterials/ParticleSystems/PSysThumbnail_OOD.uasset" 378
"../../../Engine/Content/EditorMaterials/ParticleSystems/PSysThumbnail_OOD.uexp" 379
"../../../Engine/Content/EditorMaterials/ParticleSystems/PSysThumbnail_NoImage.ubulk" 380
"../../../Engine/Content/EditorMaterials/ParticleSystems/PSysThumbnail_NoImage.uasset" 381
"../../../Engine/Content/EditorMaterials/ParticleSystems/PSysThumbnail_NoImage.uexp" 382
"../../../Engine/Content/EditorMaterials/Dataflow/DataflowVertexMaterial.uasset" 383
"../../../Engine/Content/EditorMaterials/Dataflow/DataflowVertexMaterial.uexp" 384
"../../../Engine/Content/EditorMaterials/Dataflow/DataflowTwoSidedVertexMaterial.uasset" 385
"../../../Engine/Content/EditorMaterials/Dataflow/DataflowTwoSidedVertexMaterial.uexp" 386
"../../../Engine/Content/EditorLandscapeResources/DefaultAlphaTexture.uasset" 387
"../../../Engine/Content/EditorLandscapeResources/DefaultAlphaTexture.uexp" 388
"../../../Engine/Plugins/Animation/ACLPlugin/Content/ACLAnimBoneCompressionSettings.uasset" 389
"../../../Engine/Plugins/Animation/ACLPlugin/Content/ACLAnimBoneCompressionSettings.uexp" 390
"../../../Engine/Content/Animation/DefaultVariableFrameStrippingSettings.uasset" 391
"../../../Engine/Content/Animation/DefaultVariableFrameStrippingSettings.uexp" 392
"D:/UnrealProject/StealthFPS/Content/Arms/PlayerArm/PlayerArm_Skeleton.uasset" 393
"D:/UnrealProject/StealthFPS/Content/Arms/PlayerArm/PlayerArm_Skeleton.uexp" 394
"../../../Engine/Plugins/Animation/ACLPlugin/Content/ACLAnimCurveCompressionSettings.uasset" 395
"../../../Engine/Plugins/Animation/ACLPlugin/Content/ACLAnimCurveCompressionSettings.uexp" 396
"D:/UnrealProject/StealthFPS/Content/Arms/PlayerArm/ArmAnimation/BasicPos.uasset" 397
"D:/UnrealProject/StealthFPS/Content/Arms/PlayerArm/ArmAnimation/BasicPos.uexp" 398
"D:/UnrealProject/StealthFPS/Content/Arms/PlayerArm/ArmAnimation/BasicIdle.uasset" 399
"D:/UnrealProject/StealthFPS/Content/Arms/PlayerArm/ArmAnimation/BasicIdle.uexp" 400
"D:/UnrealProject/StealthFPS/Content/Animation/Player/ABP_PlayerHand.uasset" 401
"D:/UnrealProject/StealthFPS/Content/Animation/Player/ABP_PlayerHand.uexp" 402
"D:/UnrealProject/StealthFPS/Content/CameraShake/RunCameraShake.uasset" 403
"D:/UnrealProject/StealthFPS/Content/CameraShake/RunCameraShake.uexp" 404
"D:/UnrealProject/StealthFPS/Content/Arms/PlayerArm/ArmTexture_png.ubulk" 405
"D:/UnrealProject/StealthFPS/Content/Arms/PlayerArm/ArmTexture_png.uasset" 406
"D:/UnrealProject/StealthFPS/Content/Arms/PlayerArm/ArmTexture_png.uexp" 407
"../../../Engine/Content/Functions/Engine_MaterialFunctions02/Utility/FOV.uasset" 408
"../../../Engine/Content/Functions/Engine_MaterialFunctions02/Utility/FOV.uexp" 409
"D:/UnrealProject/StealthFPS/Content/Material/MF_Render_Fix.uasset" 410
"D:/UnrealProject/StealthFPS/Content/Material/MF_Render_Fix.uexp" 411
"D:/UnrealProject/StealthFPS/Content/Arms/PlayerArm/M_Arm.uasset" 412
"D:/UnrealProject/StealthFPS/Content/Arms/PlayerArm/M_Arm.uexp" 413
"D:/UnrealProject/StealthFPS/Content/Arms/PlayerArm/M_Arm_Inst.uasset" 414
"D:/UnrealProject/StealthFPS/Content/Arms/PlayerArm/M_Arm_Inst.uexp" 415
"D:/UnrealProject/StealthFPS/Content/Blueprint/Player/BP_STLTPlayer.uasset" 416
"D:/UnrealProject/StealthFPS/Content/Blueprint/Player/BP_STLTPlayer.uexp" 417
"../../../Engine/Content/EngineMaterials/Substrate/Volume/SubstrateSimpleVolumeLUT3D.uasset" 418
"../../../Engine/Content/EngineMaterials/Substrate/Volume/SubstrateSimpleVolumeLUT3D.uexp" 419
"../../../Engine/Content/EngineMaterials/Substrate/Volume/SubstrateSimpleVolumeEnvLUT3D.uasset" 420
"../../../Engine/Content/EngineMaterials/Substrate/Volume/SubstrateSimpleVolumeEnvLUT3D.uexp" 421
"../../../Engine/Content/EngineMaterials/Substrate/GLints2/AGlintTex2dArray2.uasset" 422
"../../../Engine/Content/EngineMaterials/Substrate/GLints2/AGlintTex2dArray2.uexp" 423
"../../../Engine/Content/EngineMeshes/Sphere.ubulk" 424
"../../../Engine/Content/EngineMeshes/Sphere.uasset" 425
"../../../Engine/Content/EngineMeshes/Sphere.uexp" 426
"../../../Engine/Content/Functions/Engine_MaterialFunctions01/Shading/PowerToRoughness.uasset" 427
"../../../Engine/Content/Functions/Engine_MaterialFunctions01/Shading/PowerToRoughness.uexp" 428
"../../../Engine/Content/Functions/Engine_MaterialFunctions01/Shading/ConvertFromDiffSpec.uasset" 429
"../../../Engine/Content/Functions/Engine_MaterialFunctions01/Shading/ConvertFromDiffSpec.uexp" 430
"../../../Engine/Content/EngineMaterials/Substrate/GLints/AGlintTex2dArray.uasset" 431
"../../../Engine/Content/EngineMaterials/Substrate/GLints/AGlintTex2dArray.uexp" 432
"../../../Engine/Content/EngineMaterials/T_Default_Material_Grid_M.ubulk" 433
"../../../Engine/Content/EngineMaterials/T_Default_Material_Grid_M.uasset" 434
"../../../Engine/Content/EngineMaterials/T_Default_Material_Grid_M.uexp" 435
"../../../Engine/Content/EngineMaterials/T_Default_Material_Grid_N.ubulk" 436
"../../../Engine/Content/EngineMaterials/T_Default_Material_Grid_N.uasset" 437
"../../../Engine/Content/EngineMaterials/T_Default_Material_Grid_N.uexp" 438
"../../../Engine/Content/Functions/Engine_MaterialFunctions01/Opacity/CameraDepthFade.uasset" 439
"../../../Engine/Content/Functions/Engine_MaterialFunctions01/Opacity/CameraDepthFade.uexp" 440
"../../../Engine/Content/EngineMaterials/WorldGridMaterial.uasset" 441
"../../../Engine/Content/EngineMaterials/WorldGridMaterial.uexp" 442
"../../../Engine/Content/ArtTools/RenderToTexture/Meshes/S_1_Unit_Plane.ubulk" 443
"../../../Engine/Content/ArtTools/RenderToTexture/Meshes/S_1_Unit_Plane.uasset" 444
"../../../Engine/Content/ArtTools/RenderToTexture/Meshes/S_1_Unit_Plane.uexp" 445
"../../../Engine/Content/Functions/Engine_MaterialFunctions02/Math/Transform3x3Matrix.uasset" 446
"../../../Engine/Content/Functions/Engine_MaterialFunctions02/Math/Transform3x3Matrix.uexp" 447
"../../../Engine/Plugins/Interchange/Assets/Content/gltf/Textures/T_White_srgb.uasset" 448
"../../../Engine/Plugins/Interchange/Assets/Content/gltf/Textures/T_White_srgb.uexp" 449
"../../../Engine/Plugins/Interchange/Assets/Content/gltf/MaterialFunctions/MF_Specular.uasset" 450
"../../../Engine/Plugins/Interchange/Assets/Content/gltf/MaterialFunctions/MF_Specular.uexp" 451
"../../../Engine/Plugins/Interchange/Assets/Content/gltf/Textures/T_Anisotropy_Direction_Linear.uasset" 452
"../../../Engine/Plugins/Interchange/Assets/Content/gltf/Textures/T_Anisotropy_Direction_Linear.uexp" 453
"../../../Engine/Plugins/Interchange/Assets/Content/gltf/MaterialFunctions/MF_SpecularAnisotropy.uasset" 454
"../../../Engine/Plugins/Interchange/Assets/Content/gltf/MaterialFunctions/MF_SpecularAnisotropy.uexp" 455
"../../../Engine/Plugins/Interchange/Assets/Content/gltf/Textures/T_White_Linear.uasset" 456
"../../../Engine/Plugins/Interchange/Assets/Content/gltf/Textures/T_White_Linear.uexp" 457
"../../../Engine/Plugins/Interchange/Assets/Content/gltf/MaterialFunctions/MF_MetallicRoughness.uasset" 458
"../../../Engine/Plugins/Interchange/Assets/Content/gltf/MaterialFunctions/MF_MetallicRoughness.uexp" 459
"../../../Engine/Plugins/Interchange/Assets/Content/gltf/Textures/T_Generic_N.uasset" 460
"../../../Engine/Plugins/Interchange/Assets/Content/gltf/Textures/T_Generic_N.uexp" 461
"../../../Engine/Plugins/Interchange/Assets/Content/gltf/MaterialFunctions/MF_ScaleNormal.uasset" 462
"../../../Engine/Plugins/Interchange/Assets/Content/gltf/MaterialFunctions/MF_ScaleNormal.uexp" 463
"../../../Engine/Plugins/Interchange/Assets/Content/gltf/MaterialFunctions/MF_BaseColor.uasset" 464
"../../../Engine/Plugins/Interchange/Assets/Content/gltf/MaterialFunctions/MF_BaseColor.uexp" 465
"../../../Engine/Plugins/Interchange/Assets/Content/gltf/MaterialFunctions/MF_Iridescence.uasset" 466
"../../../Engine/Plugins/Interchange/Assets/Content/gltf/MaterialFunctions/MF_Iridescence.uexp" 467
"../../../Engine/Plugins/Interchange/Assets/Content/gltf/MaterialFunctions/MF_Occlusion.uasset" 468
"../../../Engine/Plugins/Interchange/Assets/Content/gltf/MaterialFunctions/MF_Occlusion.uexp" 469
"../../../Engine/Plugins/Interchange/Assets/Content/gltf/MaterialFunctions/MF_IOR.uasset" 470
"../../../Engine/Plugins/Interchange/Assets/Content/gltf/MaterialFunctions/MF_IOR.uexp" 471
"../../../Engine/Plugins/Interchange/Assets/Content/gltf/MaterialFunctions/MF_RotateV2.uasset" 472
"../../../Engine/Plugins/Interchange/Assets/Content/gltf/MaterialFunctions/MF_RotateV2.uexp" 473
"../../../Engine/Plugins/Interchange/Assets/Content/gltf/MaterialFunctions/MF_TransformUVs.uasset" 474
"../../../Engine/Plugins/Interchange/Assets/Content/gltf/MaterialFunctions/MF_TransformUVs.uexp" 475
"../../../Engine/Plugins/Interchange/Assets/Content/gltf/MaterialFunctions/MF_Emissive.uasset" 476
"../../../Engine/Plugins/Interchange/Assets/Content/gltf/MaterialFunctions/MF_Emissive.uexp" 477
"../../../Engine/Plugins/Interchange/Assets/Content/gltf/MaterialFunctions/MF_RotateNormals_TS.uasset" 478
"../../../Engine/Plugins/Interchange/Assets/Content/gltf/MaterialFunctions/MF_RotateNormals_TS.uexp" 479
"../../../Engine/Plugins/Interchange/Assets/Content/gltf/MaterialFunctions/MF_Normals.uasset" 480
"../../../Engine/Plugins/Interchange/Assets/Content/gltf/MaterialFunctions/MF_Normals.uexp" 481
"../../../Engine/Content/Functions/Engine_MaterialFunctions01/Texturing/FlattenNormal.uasset" 482
"../../../Engine/Content/Functions/Engine_MaterialFunctions01/Texturing/FlattenNormal.uexp" 483
"../../../Engine/Plugins/Interchange/Assets/Content/gltf/MaterialFunctions/MF_Clearcoat.uasset" 484
"../../../Engine/Plugins/Interchange/Assets/Content/gltf/MaterialFunctions/MF_Clearcoat.uexp" 485
"../../../Engine/Plugins/Interchange/Assets/Content/gltf/MaterialBodies/MF_ClearCoat_Body.uasset" 486
"../../../Engine/Plugins/Interchange/Assets/Content/gltf/MaterialBodies/MF_ClearCoat_Body.uexp" 487
"../../../Engine/Plugins/Interchange/Assets/Content/gltf/M_ClearCoat.uasset" 488
"../../../Engine/Plugins/Interchange/Assets/Content/gltf/M_ClearCoat.uexp" 489
"../../../Engine/Plugins/Interchange/Assets/Content/gltf/MaterialInstances/MI_ClearCoat_Blend.uasset" 490
"../../../Engine/Plugins/Interchange/Assets/Content/gltf/MaterialInstances/MI_ClearCoat_Blend.uexp" 491
"../../../Engine/Plugins/Interchange/Assets/Content/gltf/MaterialInstances/MI_ClearCoat_Blend_DS.uasset" 492
"../../../Engine/Plugins/Interchange/Assets/Content/gltf/MaterialInstances/MI_ClearCoat_Blend_DS.uexp" 493
"../../../Engine/Plugins/Interchange/Assets/Content/gltf/MaterialInstances/MI_ClearCoat_Mask.uasset" 494
"../../../Engine/Plugins/Interchange/Assets/Content/gltf/MaterialInstances/MI_ClearCoat_Mask.uexp" 495
"../../../Engine/Plugins/Interchange/Assets/Content/gltf/MaterialInstances/MI_ClearCoat_Mask_DS.uasset" 496
"../../../Engine/Plugins/Interchange/Assets/Content/gltf/MaterialInstances/MI_ClearCoat_Mask_DS.uexp" 497
"../../../Engine/Plugins/Interchange/Assets/Content/gltf/MaterialInstances/MI_ClearCoat_Opaque.uasset" 498
"../../../Engine/Plugins/Interchange/Assets/Content/gltf/MaterialInstances/MI_ClearCoat_Opaque.uexp" 499
"../../../Engine/Plugins/Interchange/Assets/Content/gltf/MaterialInstances/MI_ClearCoat_Opaque_DS.uasset" 500
"../../../Engine/Plugins/Interchange/Assets/Content/gltf/MaterialInstances/MI_ClearCoat_Opaque_DS.uexp" 501
"../../../Engine/Plugins/Interchange/Assets/Content/gltf/MaterialBodies/MF_Default_Body.uasset" 502
"../../../Engine/Plugins/Interchange/Assets/Content/gltf/MaterialBodies/MF_Default_Body.uexp" 503
"../../../Engine/Plugins/Interchange/Assets/Content/gltf/M_Default.uasset" 504
"../../../Engine/Plugins/Interchange/Assets/Content/gltf/M_Default.uexp" 505
"../../../Engine/Plugins/Interchange/Assets/Content/gltf/MaterialInstances/MI_Default_Blend.uasset" 506
"../../../Engine/Plugins/Interchange/Assets/Content/gltf/MaterialInstances/MI_Default_Blend.uexp" 507
"../../../Engine/Plugins/Interchange/Assets/Content/gltf/MaterialInstances/MI_Default_Blend_DS.uasset" 508
"../../../Engine/Plugins/Interchange/Assets/Content/gltf/MaterialInstances/MI_Default_Blend_DS.uexp" 509
"../../../Engine/Plugins/Interchange/Assets/Content/gltf/MaterialInstances/MI_Default_Mask.uasset" 510
"../../../Engine/Plugins/Interchange/Assets/Content/gltf/MaterialInstances/MI_Default_Mask.uexp" 511
"../../../Engine/Plugins/Interchange/Assets/Content/gltf/MaterialInstances/MI_Default_Opaque.uasset" 512
"../../../Engine/Plugins/Interchange/Assets/Content/gltf/MaterialInstances/MI_Default_Opaque.uexp" 513
"../../../Engine/Plugins/Interchange/Assets/Content/gltf/MaterialInstances/MI_Default_Opaque_DS.uasset" 514
"../../../Engine/Plugins/Interchange/Assets/Content/gltf/MaterialInstances/MI_Default_Opaque_DS.uexp" 515
"../../../Engine/Plugins/Interchange/Assets/Content/gltf/MaterialFunctions/MF_Sheen.uasset" 516
"../../../Engine/Plugins/Interchange/Assets/Content/gltf/MaterialFunctions/MF_Sheen.uexp" 517
"../../../Engine/Plugins/Interchange/Assets/Content/gltf/MaterialBodies/MF_Sheen_Body.uasset" 518
"../../../Engine/Plugins/Interchange/Assets/Content/gltf/MaterialBodies/MF_Sheen_Body.uexp" 519
"../../../Engine/Plugins/Interchange/Assets/Content/gltf/M_Sheen.uasset" 520
"../../../Engine/Plugins/Interchange/Assets/Content/gltf/M_Sheen.uexp" 521
"../../../Engine/Plugins/Interchange/Assets/Content/gltf/MaterialInstances/MI_Sheen_Blend.uasset" 522
"../../../Engine/Plugins/Interchange/Assets/Content/gltf/MaterialInstances/MI_Sheen_Blend.uexp" 523
"../../../Engine/Plugins/Interchange/Assets/Content/gltf/MaterialInstances/MI_Sheen_Blend_DS.uasset" 524
"../../../Engine/Plugins/Interchange/Assets/Content/gltf/MaterialInstances/MI_Sheen_Blend_DS.uexp" 525
"../../../Engine/Plugins/Interchange/Assets/Content/gltf/MaterialInstances/MI_Sheen_Mask.uasset" 526
"../../../Engine/Plugins/Interchange/Assets/Content/gltf/MaterialInstances/MI_Sheen_Mask.uexp" 527
"../../../Engine/Plugins/Interchange/Assets/Content/gltf/MaterialInstances/MI_Sheen_Mask_DS.uasset" 528
"../../../Engine/Plugins/Interchange/Assets/Content/gltf/MaterialInstances/MI_Sheen_Mask_DS.uexp" 529
"../../../Engine/Plugins/Interchange/Assets/Content/gltf/MaterialInstances/MI_Sheen_Opaque.uasset" 530
"../../../Engine/Plugins/Interchange/Assets/Content/gltf/MaterialInstances/MI_Sheen_Opaque.uexp" 531
"../../../Engine/Plugins/Interchange/Assets/Content/gltf/MaterialInstances/MI_Sheen_Opaque_DS.uasset" 532
"../../../Engine/Plugins/Interchange/Assets/Content/gltf/MaterialInstances/MI_Sheen_Opaque_DS.uexp" 533
"../../../Engine/Content/Functions/Engine_MaterialFunctions02/Math/AddComponents.uasset" 534
"../../../Engine/Content/Functions/Engine_MaterialFunctions02/Math/AddComponents.uexp" 535
"../../../Engine/Plugins/Interchange/Assets/Content/gltf/MaterialFunctions/MF_DiffuseSpecGloss.uasset" 536
"../../../Engine/Plugins/Interchange/Assets/Content/gltf/MaterialFunctions/MF_DiffuseSpecGloss.uexp" 537
"../../../Engine/Plugins/Interchange/Assets/Content/gltf/MaterialFunctions/MF_PerceivedBrightness.uasset" 538
"../../../Engine/Plugins/Interchange/Assets/Content/gltf/MaterialFunctions/MF_PerceivedBrightness.uexp" 539
"../../../Engine/Plugins/Interchange/Assets/Content/gltf/MaterialFunctions/MF_SpecGlossToMetalRoughness.uasset" 540
"../../../Engine/Plugins/Interchange/Assets/Content/gltf/MaterialFunctions/MF_SpecGlossToMetalRoughness.uexp" 541
"../../../Engine/Plugins/Interchange/Assets/Content/gltf/MaterialFunctions/MF_MaxComponentValue.uasset" 542
"../../../Engine/Plugins/Interchange/Assets/Content/gltf/MaterialFunctions/MF_MaxComponentValue.uexp" 543
"../../../Engine/Plugins/Interchange/Assets/Content/gltf/MaterialBodies/MF_SpecularGlossiness_Body.uasset" 544
"../../../Engine/Plugins/Interchange/Assets/Content/gltf/MaterialBodies/MF_SpecularGlossiness_Body.uexp" 545
"../../../Engine/Plugins/Interchange/Assets/Content/gltf/M_SpecularGlossiness.uasset" 546
"../../../Engine/Plugins/Interchange/Assets/Content/gltf/M_SpecularGlossiness.uexp" 547
"../../../Engine/Plugins/Interchange/Assets/Content/gltf/MaterialInstances/MI_SpecularGlossiness_Blend.uasset" 548
"../../../Engine/Plugins/Interchange/Assets/Content/gltf/MaterialInstances/MI_SpecularGlossiness_Blend.uexp" 549
"../../../Engine/Plugins/Interchange/Assets/Content/gltf/MaterialInstances/MI_SpecularGlossiness_Blend_DS.uasset" 550
"../../../Engine/Plugins/Interchange/Assets/Content/gltf/MaterialInstances/MI_SpecularGlossiness_Blend_DS.uexp" 551
"../../../Engine/Plugins/Interchange/Assets/Content/gltf/MaterialInstances/MI_SpecularGlossiness_Mask.uasset" 552
"../../../Engine/Plugins/Interchange/Assets/Content/gltf/MaterialInstances/MI_SpecularGlossiness_Mask.uexp" 553
"../../../Engine/Plugins/Interchange/Assets/Content/gltf/MaterialInstances/MI_SpecularGlossiness_Mask_DS.uasset" 554
"../../../Engine/Plugins/Interchange/Assets/Content/gltf/MaterialInstances/MI_SpecularGlossiness_Mask_DS.uexp" 555
"../../../Engine/Plugins/Interchange/Assets/Content/gltf/MaterialInstances/MI_SpecularGlossiness_Opaque.uasset" 556
"../../../Engine/Plugins/Interchange/Assets/Content/gltf/MaterialInstances/MI_SpecularGlossiness_Opaque.uexp" 557
"../../../Engine/Plugins/Interchange/Assets/Content/gltf/MaterialInstances/MI_SpecularGlossiness_Opaque_DS.uasset" 558
"../../../Engine/Plugins/Interchange/Assets/Content/gltf/MaterialInstances/MI_SpecularGlossiness_Opaque_DS.uexp" 559
"../../../Engine/Content/EngineMaterials/Good64x64TilingNoiseHighFreq.uasset" 560
"../../../Engine/Content/EngineMaterials/Good64x64TilingNoiseHighFreq.uexp" 561
"../../../Engine/Content/Functions/Engine_MaterialFunctions02/Texturing/ScreenAlignedPixelToPixelUVs.uasset" 562
"../../../Engine/Content/Functions/Engine_MaterialFunctions02/Texturing/ScreenAlignedPixelToPixelUVs.uexp" 563
"../../../Engine/Plugins/Interchange/Assets/Content/gltf/MaterialFunctions/MF_Temporal_Blur.uasset" 564
"../../../Engine/Plugins/Interchange/Assets/Content/gltf/MaterialFunctions/MF_Temporal_Blur.uexp" 565
"../../../Engine/Plugins/Interchange/Assets/Content/gltf/MaterialFunctions/MF_Fresnel_DS.uasset" 566
"../../../Engine/Plugins/Interchange/Assets/Content/gltf/MaterialFunctions/MF_Fresnel_DS.uexp" 567
"../../../Engine/Plugins/Interchange/Assets/Content/gltf/MaterialFunctions/MF_Transmission.uasset" 568
"../../../Engine/Plugins/Interchange/Assets/Content/gltf/MaterialFunctions/MF_Transmission.uexp" 569
"../../../Engine/Plugins/Interchange/Assets/Content/gltf/MaterialBodies/MF_Transmission_Body.uasset" 570
"../../../Engine/Plugins/Interchange/Assets/Content/gltf/MaterialBodies/MF_Transmission_Body.uexp" 571
"../../../Engine/Plugins/Interchange/Assets/Content/gltf/M_Transmission.uasset" 572
"../../../Engine/Plugins/Interchange/Assets/Content/gltf/M_Transmission.uexp" 573
"../../../Engine/Plugins/Interchange/Assets/Content/gltf/MaterialInstances/MI_Transmission.uasset" 574
"../../../Engine/Plugins/Interchange/Assets/Content/gltf/MaterialInstances/MI_Transmission.uexp" 575
"../../../Engine/Plugins/Interchange/Assets/Content/gltf/MaterialInstances/MI_Transmission_DS.uasset" 576
"../../../Engine/Plugins/Interchange/Assets/Content/gltf/MaterialInstances/MI_Transmission_DS.uexp" 577
"../../../Engine/Plugins/Interchange/Assets/Content/gltf/MaterialBodies/MF_Unlit_Body.uasset" 578
"../../../Engine/Plugins/Interchange/Assets/Content/gltf/MaterialBodies/MF_Unlit_Body.uexp" 579
"../../../Engine/Plugins/Interchange/Assets/Content/gltf/M_Unlit.uasset" 580
"../../../Engine/Plugins/Interchange/Assets/Content/gltf/M_Unlit.uexp" 581
"../../../Engine/Plugins/Interchange/Assets/Content/gltf/MaterialInstances/MI_Unlit_Blend.uasset" 582
"../../../Engine/Plugins/Interchange/Assets/Content/gltf/MaterialInstances/MI_Unlit_Blend.uexp" 583
"../../../Engine/Plugins/Interchange/Assets/Content/gltf/MaterialInstances/MI_Unlit_Blend_DS.uasset" 584
"../../../Engine/Plugins/Interchange/Assets/Content/gltf/MaterialInstances/MI_Unlit_Blend_DS.uexp" 585
"../../../Engine/Plugins/Interchange/Assets/Content/gltf/MaterialInstances/MI_Unlit_Mask.uasset" 586
"../../../Engine/Plugins/Interchange/Assets/Content/gltf/MaterialInstances/MI_Unlit_Mask.uexp" 587
"../../../Engine/Plugins/Interchange/Assets/Content/gltf/MaterialInstances/MI_Unlit_Mask_DS.uasset" 588
"../../../Engine/Plugins/Interchange/Assets/Content/gltf/MaterialInstances/MI_Unlit_Mask_DS.uexp" 589
"../../../Engine/Plugins/Interchange/Assets/Content/gltf/MaterialInstances/MI_Unlit_Opaque.uasset" 590
"../../../Engine/Plugins/Interchange/Assets/Content/gltf/MaterialInstances/MI_Unlit_Opaque.uexp" 591
"../../../Engine/Plugins/Interchange/Assets/Content/gltf/MaterialInstances/MI_Unlit_Opaque_DS.uasset" 592
"../../../Engine/Plugins/Interchange/Assets/Content/gltf/MaterialInstances/MI_Unlit_Opaque_DS.uexp" 593
"../../../Engine/Content/EngineMaterials/DefaultMaterial.uasset" 594
"../../../Engine/Content/EngineMaterials/DefaultMaterial.uexp" 595
"../../../Engine/Content/BasicShapes/Cone.ubulk" 596
"../../../Engine/Content/BasicShapes/Cone.uasset" 597
"../../../Engine/Content/BasicShapes/Cone.uexp" 598
"../../../Engine/Content/BasicShapes/Cylinder.ubulk" 599
"../../../Engine/Content/BasicShapes/Cylinder.uasset" 600
"../../../Engine/Content/BasicShapes/Cylinder.uexp" 601
"../../../Engine/Content/BasicShapes/Plane.ubulk" 602
"../../../Engine/Content/BasicShapes/Plane.uasset" 603
"../../../Engine/Content/BasicShapes/Plane.uexp" 604
"../../../Engine/Content/BasicShapes/Sphere.ubulk" 605
"../../../Engine/Content/BasicShapes/Sphere.uasset" 606
"../../../Engine/Content/BasicShapes/Sphere.uexp" 607
"../../../Engine/Content/EditorLandscapeResources/SplineEditorMeshMat.uasset" 608
"../../../Engine/Content/EditorLandscapeResources/SplineEditorMeshMat.uexp" 609
"../../../Engine/Content/EditorLandscapeResources/SplineEditorMesh.ubulk" 610
"../../../Engine/Content/EditorLandscapeResources/SplineEditorMesh.uasset" 611
"../../../Engine/Content/EditorLandscapeResources/SplineEditorMesh.uexp" 612
"../../../Engine/Content/EditorMaterials/Camera/CineMat.uasset" 613
"../../../Engine/Content/EditorMaterials/Camera/CineMat.uexp" 614
"../../../Engine/Content/EditorMaterials/Camera/MI_CineMat_Rig.uasset" 615
"../../../Engine/Content/EditorMaterials/Camera/MI_CineMat_Rig.uexp" 616
"../../../Engine/Content/EditorMeshes/Camera/SM_CraneRig_Arm.ubulk" 617
"../../../Engine/Content/EditorMeshes/Camera/SM_CraneRig_Arm.uasset" 618
"../../../Engine/Content/EditorMeshes/Camera/SM_CraneRig_Arm.uexp" 619
"../../../Engine/Content/EditorMeshes/Camera/SM_CraneRig_Base.ubulk" 620
"../../../Engine/Content/EditorMeshes/Camera/SM_CraneRig_Base.uasset" 621
"../../../Engine/Content/EditorMeshes/Camera/SM_CraneRig_Base.uexp" 622
"../../../Engine/Content/EditorMeshes/Camera/SM_CraneRig_Body.ubulk" 623
"../../../Engine/Content/EditorMeshes/Camera/SM_CraneRig_Body.uasset" 624
"../../../Engine/Content/EditorMeshes/Camera/SM_CraneRig_Body.uexp" 625
"../../../Engine/Content/EditorMeshes/Camera/SM_CraneRig_Mount.ubulk" 626
"../../../Engine/Content/EditorMeshes/Camera/SM_CraneRig_Mount.uasset" 627
"../../../Engine/Content/EditorMeshes/Camera/SM_CraneRig_Mount.uexp" 628
"../../../Engine/Content/EditorMeshes/Camera/SM_RailRig_Mount.ubulk" 629
"../../../Engine/Content/EditorMeshes/Camera/SM_RailRig_Mount.uasset" 630
"../../../Engine/Content/EditorMeshes/Camera/SM_RailRig_Mount.uexp" 631
"../../../Engine/Content/EditorMeshes/Camera/SM_RailRig_Track.ubulk" 632
"../../../Engine/Content/EditorMeshes/Camera/SM_RailRig_Track.uasset" 633
"../../../Engine/Content/EditorMeshes/Camera/SM_RailRig_Track.uexp" 634
"../../../Engine/Content/EngineResources/WhiteSquareTexture.uasset" 635
"../../../Engine/Content/EngineResources/WhiteSquareTexture.uexp" 636
"../../../Engine/Content/EngineMaterials/Widget3DPassThrough.uasset" 637
"../../../Engine/Content/EngineMaterials/Widget3DPassThrough.uexp" 638
"../../../Engine/Content/EngineMaterials/Widget3DPassThrough_Masked.uasset" 639
"../../../Engine/Content/EngineMaterials/Widget3DPassThrough_Masked.uexp" 640
"../../../Engine/Content/EngineMaterials/Widget3DPassThrough_Opaque.uasset" 641
"../../../Engine/Content/EngineMaterials/Widget3DPassThrough_Opaque.uexp" 642
"../../../Engine/Content/EngineMaterials/Widget3DPassThrough_Masked_OneSided.uasset" 643
"../../../Engine/Content/EngineMaterials/Widget3DPassThrough_Masked_OneSided.uexp" 644
"../../../Engine/Content/EngineMaterials/Widget3DPassThrough_Opaque_OneSided.uasset" 645
"../../../Engine/Content/EngineMaterials/Widget3DPassThrough_Opaque_OneSided.uexp" 646
"../../../Engine/Content/EngineMaterials/Widget3DPassThrough_Translucent.uasset" 647
"../../../Engine/Content/EngineMaterials/Widget3DPassThrough_Translucent.uexp" 648
"../../../Engine/Content/EngineMaterials/Widget3DPassThrough_Translucent_OneSided.uasset" 649
"../../../Engine/Content/EngineMaterials/Widget3DPassThrough_Translucent_OneSided.uexp" 650
"../../../Engine/Content/EngineSky/VolumetricClouds/T_CloudMask.ubulk" 651
"../../../Engine/Content/EngineSky/VolumetricClouds/T_CloudMask.uasset" 652
"../../../Engine/Content/EngineSky/VolumetricClouds/T_CloudMask.uexp" 653
"../../../Engine/Content/EngineSky/VolumetricClouds/VT_Lightning.uasset" 654
"../../../Engine/Content/EngineSky/VolumetricClouds/VT_Lightning.uexp" 655
"../../../Engine/Content/EngineSky/VolumetricClouds/T_Profile_08.ubulk" 656
"../../../Engine/Content/EngineSky/VolumetricClouds/T_Profile_08.uasset" 657
"../../../Engine/Content/EngineSky/VolumetricClouds/T_Profile_08.uexp" 658
"../../../Engine/Content/Functions/Engine_MaterialFunctions02/Utility/MakeFloat4.uasset" 659
"../../../Engine/Content/Functions/Engine_MaterialFunctions02/Utility/MakeFloat4.uexp" 660
"../../../Engine/Content/Functions/Engine_MaterialFunctions01/Units/Km-to-Cm.uasset" 661
"../../../Engine/Content/Functions/Engine_MaterialFunctions01/Units/Km-to-Cm.uexp" 662
"../../../Engine/Content/Functions/Engine_MaterialFunctions02/Utility/BreakOutFloat4Components.uasset" 663
"../../../Engine/Content/Functions/Engine_MaterialFunctions02/Utility/BreakOutFloat4Components.uexp" 664
"../../../Engine/Content/EngineSky/VolumetricClouds/T_CloudPattern.ubulk" 665
"../../../Engine/Content/EngineSky/VolumetricClouds/T_CloudPattern.uasset" 666
"../../../Engine/Content/EngineSky/VolumetricClouds/T_CloudPattern.uexp" 667
"../../../Engine/Content/EngineSky/VolumetricClouds/VT_PerlinWorley_Balanced.uasset" 668
"../../../Engine/Content/EngineSky/VolumetricClouds/VT_PerlinWorley_Balanced.uexp" 669
"../../../Engine/Content/EngineSky/VolumetricClouds/m_SimpleVolumetricCloud.uasset" 670
"../../../Engine/Content/EngineSky/VolumetricClouds/m_SimpleVolumetricCloud.uexp" 671
"../../../Engine/Content/EngineSky/VolumetricClouds/m_SimpleVolumetricCloud_Inst.uasset" 672
"../../../Engine/Content/EngineSky/VolumetricClouds/m_SimpleVolumetricCloud_Inst.uexp" 673
"../../../Engine/Content/VREditor/LaserPointer/VR_LaserPower_01.ubulk" 674
"../../../Engine/Content/VREditor/LaserPointer/VR_LaserPower_01.uasset" 675
"../../../Engine/Content/VREditor/LaserPointer/VR_LaserPower_01.uexp" 676
"../../../Engine/Content/VREditor/TransformGizmo/TransformGizmoMaterial.uasset" 677
"../../../Engine/Content/VREditor/TransformGizmo/TransformGizmoMaterial.uexp" 678
"../../../Engine/Content/VREditor/TransformGizmo/TranslucentTransformGizmoMaterial.uasset" 679
"../../../Engine/Content/VREditor/TransformGizmo/TranslucentTransformGizmoMaterial.uexp" 680
"../../../Engine/Content/VREditor/TransformGizmo/BoundingBoxCorner.ubulk" 681
"../../../Engine/Content/VREditor/TransformGizmo/BoundingBoxCorner.uasset" 682
"../../../Engine/Content/VREditor/TransformGizmo/BoundingBoxCorner.uexp" 683
"../../../Engine/Content/VREditor/TransformGizmo/BoundingBoxEdge.ubulk" 684
"../../../Engine/Content/VREditor/TransformGizmo/BoundingBoxEdge.uasset" 685
"../../../Engine/Content/VREditor/TransformGizmo/BoundingBoxEdge.uexp" 686
"../../../Engine/Content/VREditor/TransformGizmo/Main.uasset" 687
"../../../Engine/Content/VREditor/TransformGizmo/Main.uexp" 688
"../../../Engine/Content/VREditor/TransformGizmo/Xray.uasset" 689
"../../../Engine/Content/VREditor/TransformGizmo/Xray.uexp" 690
"../../../Engine/Content/VREditor/TransformGizmo/SM_Sequencer_Node.ubulk" 691
"../../../Engine/Content/VREditor/TransformGizmo/SM_Sequencer_Node.uasset" 692
"../../../Engine/Content/VREditor/TransformGizmo/SM_Sequencer_Node.uexp" 693
"../../../Engine/Plugins/2D/Paper2D/Content/DefaultSpriteMaterial.uasset" 694
"../../../Engine/Plugins/2D/Paper2D/Content/DefaultSpriteMaterial.uexp" 695
"../../../Engine/Plugins/2D/Paper2D/Content/MaskedUnlitSpriteMaterial.uasset" 696
"../../../Engine/Plugins/2D/Paper2D/Content/MaskedUnlitSpriteMaterial.uexp" 697
"../../../Engine/Plugins/2D/Paper2D/Content/OpaqueUnlitSpriteMaterial.uasset" 698
"../../../Engine/Plugins/2D/Paper2D/Content/OpaqueUnlitSpriteMaterial.uexp" 699
"../../../Engine/Plugins/Animation/ControlRig/Content/Controls/ControlRig_Arrow2_1mm.ubulk" 700
"../../../Engine/Plugins/Animation/ControlRig/Content/Controls/ControlRig_Arrow2_1mm.uasset" 701
"../../../Engine/Plugins/Animation/ControlRig/Content/Controls/ControlRig_Arrow2_1mm.uexp" 702
"../../../Engine/Plugins/Animation/ControlRig/Content/Controls/ControlRig_Arrow2_3mm.ubulk" 703
"../../../Engine/Plugins/Animation/ControlRig/Content/Controls/ControlRig_Arrow2_3mm.uasset" 704
"../../../Engine/Plugins/Animation/ControlRig/Content/Controls/ControlRig_Arrow2_3mm.uexp" 705
"../../../Engine/Plugins/Animation/ControlRig/Content/Controls/ControlRig_Arrow2_solid.ubulk" 706
"../../../Engine/Plugins/Animation/ControlRig/Content/Controls/ControlRig_Arrow2_solid.uasset" 707
"../../../Engine/Plugins/Animation/ControlRig/Content/Controls/ControlRig_Arrow2_solid.uexp" 708
"../../../Engine/Plugins/Animation/ControlRig/Content/Controls/ControlRig_Arrow4_1mm.ubulk" 709
"../../../Engine/Plugins/Animation/ControlRig/Content/Controls/ControlRig_Arrow4_1mm.uasset" 710
"../../../Engine/Plugins/Animation/ControlRig/Content/Controls/ControlRig_Arrow4_1mm.uexp" 711
"../../../Engine/Plugins/Animation/ControlRig/Content/Controls/ControlRig_Arrow4_3mm.ubulk" 712
"../../../Engine/Plugins/Animation/ControlRig/Content/Controls/ControlRig_Arrow4_3mm.uasset" 713
"../../../Engine/Plugins/Animation/ControlRig/Content/Controls/ControlRig_Arrow4_3mm.uexp" 714
"../../../Engine/Plugins/Animation/ControlRig/Content/Controls/ControlRig_Arrow4_solid.ubulk" 715
"../../../Engine/Plugins/Animation/ControlRig/Content/Controls/ControlRig_Arrow4_solid.uasset" 716
"../../../Engine/Plugins/Animation/ControlRig/Content/Controls/ControlRig_Arrow4_solid.uexp" 717
"../../../Engine/Plugins/Animation/ControlRig/Content/Controls/ControlRig_Arrow_1mm.ubulk" 718
"../../../Engine/Plugins/Animation/ControlRig/Content/Controls/ControlRig_Arrow_1mm.uasset" 719
"../../../Engine/Plugins/Animation/ControlRig/Content/Controls/ControlRig_Arrow_1mm.uexp" 720
"../../../Engine/Plugins/Animation/ControlRig/Content/Controls/ControlRig_Arrow_3mm.ubulk" 721
"../../../Engine/Plugins/Animation/ControlRig/Content/Controls/ControlRig_Arrow_3mm.uasset" 722
"../../../Engine/Plugins/Animation/ControlRig/Content/Controls/ControlRig_Arrow_3mm.uexp" 723
"../../../Engine/Plugins/Animation/ControlRig/Content/Controls/ControlRig_Arrow_solid.ubulk" 724
"../../../Engine/Plugins/Animation/ControlRig/Content/Controls/ControlRig_Arrow_solid.uasset" 725
"../../../Engine/Plugins/Animation/ControlRig/Content/Controls/ControlRig_Arrow_solid.uexp" 726
"../../../Engine/Plugins/Animation/ControlRig/Content/Controls/ControlRig_Box_1mm.ubulk" 727
"../../../Engine/Plugins/Animation/ControlRig/Content/Controls/ControlRig_Box_1mm.uasset" 728
"../../../Engine/Plugins/Animation/ControlRig/Content/Controls/ControlRig_Box_1mm.uexp" 729
"../../../Engine/Plugins/Animation/ControlRig/Content/Controls/ControlRig_Box_3mm.ubulk" 730
"../../../Engine/Plugins/Animation/ControlRig/Content/Controls/ControlRig_Box_3mm.uasset" 731
"../../../Engine/Plugins/Animation/ControlRig/Content/Controls/ControlRig_Box_3mm.uexp" 732
"../../../Engine/Plugins/Animation/ControlRig/Content/Controls/ControlRig_Box_solid.ubulk" 733
"../../../Engine/Plugins/Animation/ControlRig/Content/Controls/ControlRig_Box_solid.uasset" 734
"../../../Engine/Plugins/Animation/ControlRig/Content/Controls/ControlRig_Box_solid.uexp" 735
"../../../Engine/Plugins/Animation/ControlRig/Content/Controls/ControlRig_Circle_1mm.ubulk" 736
"../../../Engine/Plugins/Animation/ControlRig/Content/Controls/ControlRig_Circle_1mm.uasset" 737
"../../../Engine/Plugins/Animation/ControlRig/Content/Controls/ControlRig_Circle_1mm.uexp" 738
"../../../Engine/Plugins/Animation/ControlRig/Content/Controls/ControlRig_Circle_3mm.ubulk" 739
"../../../Engine/Plugins/Animation/ControlRig/Content/Controls/ControlRig_Circle_3mm.uasset" 740
"../../../Engine/Plugins/Animation/ControlRig/Content/Controls/ControlRig_Circle_3mm.uexp" 741
"../../../Engine/Plugins/Animation/ControlRig/Content/Controls/ControlRig_Circle_solid.ubulk" 742
"../../../Engine/Plugins/Animation/ControlRig/Content/Controls/ControlRig_Circle_solid.uasset" 743
"../../../Engine/Plugins/Animation/ControlRig/Content/Controls/ControlRig_Circle_solid.uexp" 744
"../../../Engine/Plugins/Animation/ControlRig/Content/Controls/ControlRig_Diamond_1mm.ubulk" 745
"../../../Engine/Plugins/Animation/ControlRig/Content/Controls/ControlRig_Diamond_1mm.uasset" 746
"../../../Engine/Plugins/Animation/ControlRig/Content/Controls/ControlRig_Diamond_1mm.uexp" 747
"../../../Engine/Plugins/Animation/ControlRig/Content/Controls/ControlRig_Diamond_3mm.ubulk" 748
"../../../Engine/Plugins/Animation/ControlRig/Content/Controls/ControlRig_Diamond_3mm.uasset" 749
"../../../Engine/Plugins/Animation/ControlRig/Content/Controls/ControlRig_Diamond_3mm.uexp" 750
"../../../Engine/Plugins/Animation/ControlRig/Content/Controls/ControlRig_Diamond_solid.ubulk" 751
"../../../Engine/Plugins/Animation/ControlRig/Content/Controls/ControlRig_Diamond_solid.uasset" 752
"../../../Engine/Plugins/Animation/ControlRig/Content/Controls/ControlRig_Diamond_solid.uexp" 753
"../../../Engine/Plugins/Animation/ControlRig/Content/Controls/ControlRig_HalfCircle_1mm.ubulk" 754
"../../../Engine/Plugins/Animation/ControlRig/Content/Controls/ControlRig_HalfCircle_1mm.uasset" 755
"../../../Engine/Plugins/Animation/ControlRig/Content/Controls/ControlRig_HalfCircle_1mm.uexp" 756
"../../../Engine/Plugins/Animation/ControlRig/Content/Controls/ControlRig_HalfCircle_3mm.ubulk" 757
"../../../Engine/Plugins/Animation/ControlRig/Content/Controls/ControlRig_HalfCircle_3mm.uasset" 758
"../../../Engine/Plugins/Animation/ControlRig/Content/Controls/ControlRig_HalfCircle_3mm.uexp" 759
"../../../Engine/Plugins/Animation/ControlRig/Content/Controls/ControlRig_HalfCircle_solid.ubulk" 760
"../../../Engine/Plugins/Animation/ControlRig/Content/Controls/ControlRig_HalfCircle_solid.uasset" 761
"../../../Engine/Plugins/Animation/ControlRig/Content/Controls/ControlRig_HalfCircle_solid.uexp" 762
"../../../Engine/Plugins/Animation/ControlRig/Content/Controls/ControlRig_Hexagon_1mm.ubulk" 763
"../../../Engine/Plugins/Animation/ControlRig/Content/Controls/ControlRig_Hexagon_1mm.uasset" 764
"../../../Engine/Plugins/Animation/ControlRig/Content/Controls/ControlRig_Hexagon_1mm.uexp" 765
"../../../Engine/Plugins/Animation/ControlRig/Content/Controls/ControlRig_Hexagon_3mm.ubulk" 766
"../../../Engine/Plugins/Animation/ControlRig/Content/Controls/ControlRig_Hexagon_3mm.uasset" 767
"../../../Engine/Plugins/Animation/ControlRig/Content/Controls/ControlRig_Hexagon_3mm.uexp" 768
"../../../Engine/Plugins/Animation/ControlRig/Content/Controls/ControlRig_Hexagon_solid.ubulk" 769
"../../../Engine/Plugins/Animation/ControlRig/Content/Controls/ControlRig_Hexagon_solid.uasset" 770
"../../../Engine/Plugins/Animation/ControlRig/Content/Controls/ControlRig_Hexagon_solid.uexp" 771
"../../../Engine/Plugins/Animation/ControlRig/Content/Controls/ControlRig_Octagon_1mm.ubulk" 772
"../../../Engine/Plugins/Animation/ControlRig/Content/Controls/ControlRig_Octagon_1mm.uasset" 773
"../../../Engine/Plugins/Animation/ControlRig/Content/Controls/ControlRig_Octagon_1mm.uexp" 774
"../../../Engine/Plugins/Animation/ControlRig/Content/Controls/ControlRig_Octagon_3mm.ubulk" 775
"../../../Engine/Plugins/Animation/ControlRig/Content/Controls/ControlRig_Octagon_3mm.uasset" 776
"../../../Engine/Plugins/Animation/ControlRig/Content/Controls/ControlRig_Octagon_3mm.uexp" 777
"../../../Engine/Plugins/Animation/ControlRig/Content/Controls/ControlRig_Octagon_solid.ubulk" 778
"../../../Engine/Plugins/Animation/ControlRig/Content/Controls/ControlRig_Octagon_solid.uasset" 779
"../../../Engine/Plugins/Animation/ControlRig/Content/Controls/ControlRig_Octagon_solid.uexp" 780
"../../../Engine/Plugins/Animation/ControlRig/Content/Controls/ControlRig_Pyramid_1mm.ubulk" 781
"../../../Engine/Plugins/Animation/ControlRig/Content/Controls/ControlRig_Pyramid_1mm.uasset" 782
"../../../Engine/Plugins/Animation/ControlRig/Content/Controls/ControlRig_Pyramid_1mm.uexp" 783
"../../../Engine/Plugins/Animation/ControlRig/Content/Controls/ControlRig_Pyramid_3mm.ubulk" 784
"../../../Engine/Plugins/Animation/ControlRig/Content/Controls/ControlRig_Pyramid_3mm.uasset" 785
"../../../Engine/Plugins/Animation/ControlRig/Content/Controls/ControlRig_Pyramid_3mm.uexp" 786
"../../../Engine/Plugins/Animation/ControlRig/Content/Controls/ControlRig_Pyramid_solid.ubulk" 787
"../../../Engine/Plugins/Animation/ControlRig/Content/Controls/ControlRig_Pyramid_solid.uasset" 788
"../../../Engine/Plugins/Animation/ControlRig/Content/Controls/ControlRig_Pyramid_solid.uexp" 789
"../../../Engine/Plugins/Animation/ControlRig/Content/Controls/ControlRig_QuarterCircle_1mm.ubulk" 790
"../../../Engine/Plugins/Animation/ControlRig/Content/Controls/ControlRig_QuarterCircle_1mm.uasset" 791
"../../../Engine/Plugins/Animation/ControlRig/Content/Controls/ControlRig_QuarterCircle_1mm.uexp" 792
"../../../Engine/Plugins/Animation/ControlRig/Content/Controls/ControlRig_QuarterCircle_3mm.ubulk" 793
"../../../Engine/Plugins/Animation/ControlRig/Content/Controls/ControlRig_QuarterCircle_3mm.uasset" 794
"../../../Engine/Plugins/Animation/ControlRig/Content/Controls/ControlRig_QuarterCircle_3mm.uexp" 795
"../../../Engine/Plugins/Animation/ControlRig/Content/Controls/ControlRig_QuarterCircle_solid.ubulk" 796
"../../../Engine/Plugins/Animation/ControlRig/Content/Controls/ControlRig_QuarterCircle_solid.uasset" 797
"../../../Engine/Plugins/Animation/ControlRig/Content/Controls/ControlRig_QuarterCircle_solid.uexp" 798
"../../../Engine/Plugins/Animation/ControlRig/Content/Controls/ControlRig_RoundedSquare_1mm.ubulk" 799
"../../../Engine/Plugins/Animation/ControlRig/Content/Controls/ControlRig_RoundedSquare_1mm.uasset" 800
"../../../Engine/Plugins/Animation/ControlRig/Content/Controls/ControlRig_RoundedSquare_1mm.uexp" 801
"../../../Engine/Plugins/Animation/ControlRig/Content/Controls/ControlRig_RoundedSquare_3mm.ubulk" 802
"../../../Engine/Plugins/Animation/ControlRig/Content/Controls/ControlRig_RoundedSquare_3mm.uasset" 803
"../../../Engine/Plugins/Animation/ControlRig/Content/Controls/ControlRig_RoundedSquare_3mm.uexp" 804
"../../../Engine/Plugins/Animation/ControlRig/Content/Controls/ControlRig_RoundedSquare_solid.ubulk" 805
"../../../Engine/Plugins/Animation/ControlRig/Content/Controls/ControlRig_RoundedSquare_solid.uasset" 806
"../../../Engine/Plugins/Animation/ControlRig/Content/Controls/ControlRig_RoundedSquare_solid.uexp" 807
"../../../Engine/Plugins/Animation/ControlRig/Content/Controls/ControlRig_RoundedTriangle_1mm.ubulk" 808
"../../../Engine/Plugins/Animation/ControlRig/Content/Controls/ControlRig_RoundedTriangle_1mm.uasset" 809
"../../../Engine/Plugins/Animation/ControlRig/Content/Controls/ControlRig_RoundedTriangle_1mm.uexp" 810
"../../../Engine/Plugins/Animation/ControlRig/Content/Controls/ControlRig_RoundedTriangle_3mm.ubulk" 811
"../../../Engine/Plugins/Animation/ControlRig/Content/Controls/ControlRig_RoundedTriangle_3mm.uasset" 812
"../../../Engine/Plugins/Animation/ControlRig/Content/Controls/ControlRig_RoundedTriangle_3mm.uexp" 813
"../../../Engine/Plugins/Animation/ControlRig/Content/Controls/ControlRig_RoundedTriangle_solid.ubulk" 814
"../../../Engine/Plugins/Animation/ControlRig/Content/Controls/ControlRig_RoundedTriangle_solid.uasset" 815
"../../../Engine/Plugins/Animation/ControlRig/Content/Controls/ControlRig_RoundedTriangle_solid.uexp" 816
"../../../Engine/Plugins/Animation/ControlRig/Content/Controls/ControlRig_Sphere_1mm.ubulk" 817
"../../../Engine/Plugins/Animation/ControlRig/Content/Controls/ControlRig_Sphere_1mm.uasset" 818
"../../../Engine/Plugins/Animation/ControlRig/Content/Controls/ControlRig_Sphere_1mm.uexp" 819
"../../../Engine/Plugins/Animation/ControlRig/Content/Controls/ControlRig_Sphere_3mm.ubulk" 820
"../../../Engine/Plugins/Animation/ControlRig/Content/Controls/ControlRig_Sphere_3mm.uasset" 821
"../../../Engine/Plugins/Animation/ControlRig/Content/Controls/ControlRig_Sphere_3mm.uexp" 822
"../../../Engine/Plugins/Animation/ControlRig/Content/Controls/ControlRig_Sphere_solid.ubulk" 823
"../../../Engine/Plugins/Animation/ControlRig/Content/Controls/ControlRig_Sphere_solid.uasset" 824
"../../../Engine/Plugins/Animation/ControlRig/Content/Controls/ControlRig_Sphere_solid.uexp" 825
"../../../Engine/Plugins/Animation/ControlRig/Content/Controls/ControlRig_Square_1mm.ubulk" 826
"../../../Engine/Plugins/Animation/ControlRig/Content/Controls/ControlRig_Square_1mm.uasset" 827
"../../../Engine/Plugins/Animation/ControlRig/Content/Controls/ControlRig_Square_1mm.uexp" 828
"../../../Engine/Plugins/Animation/ControlRig/Content/Controls/ControlRig_Square_3mm.ubulk" 829
"../../../Engine/Plugins/Animation/ControlRig/Content/Controls/ControlRig_Square_3mm.uasset" 830
"../../../Engine/Plugins/Animation/ControlRig/Content/Controls/ControlRig_Square_3mm.uexp" 831
"../../../Engine/Plugins/Animation/ControlRig/Content/Controls/ControlRig_Square_solid.ubulk" 832
"../../../Engine/Plugins/Animation/ControlRig/Content/Controls/ControlRig_Square_solid.uasset" 833
"../../../Engine/Plugins/Animation/ControlRig/Content/Controls/ControlRig_Square_solid.uexp" 834
"../../../Engine/Plugins/Animation/ControlRig/Content/Controls/ControlRig_Star4_1mm.ubulk" 835
"../../../Engine/Plugins/Animation/ControlRig/Content/Controls/ControlRig_Star4_1mm.uasset" 836
"../../../Engine/Plugins/Animation/ControlRig/Content/Controls/ControlRig_Star4_1mm.uexp" 837
"../../../Engine/Plugins/Animation/ControlRig/Content/Controls/ControlRig_Star4_3mm.ubulk" 838
"../../../Engine/Plugins/Animation/ControlRig/Content/Controls/ControlRig_Star4_3mm.uasset" 839
"../../../Engine/Plugins/Animation/ControlRig/Content/Controls/ControlRig_Star4_3mm.uexp" 840
"../../../Engine/Plugins/Animation/ControlRig/Content/Controls/ControlRig_Star4_solid.ubulk" 841
"../../../Engine/Plugins/Animation/ControlRig/Content/Controls/ControlRig_Star4_solid.uasset" 842
"../../../Engine/Plugins/Animation/ControlRig/Content/Controls/ControlRig_Star4_solid.uexp" 843
"../../../Engine/Plugins/Animation/ControlRig/Content/Controls/ControlRig_Triangle_1mm.ubulk" 844
"../../../Engine/Plugins/Animation/ControlRig/Content/Controls/ControlRig_Triangle_1mm.uasset" 845
"../../../Engine/Plugins/Animation/ControlRig/Content/Controls/ControlRig_Triangle_1mm.uexp" 846
"../../../Engine/Plugins/Animation/ControlRig/Content/Controls/ControlRig_Triangle_3mm.ubulk" 847
"../../../Engine/Plugins/Animation/ControlRig/Content/Controls/ControlRig_Triangle_3mm.uasset" 848
"../../../Engine/Plugins/Animation/ControlRig/Content/Controls/ControlRig_Triangle_3mm.uexp" 849
"../../../Engine/Plugins/Animation/ControlRig/Content/Controls/ControlRig_Triangle_solid.ubulk" 850
"../../../Engine/Plugins/Animation/ControlRig/Content/Controls/ControlRig_Triangle_solid.uasset" 851
"../../../Engine/Plugins/Animation/ControlRig/Content/Controls/ControlRig_Triangle_solid.uexp" 852
"../../../Engine/Plugins/Animation/ControlRig/Content/Controls/ControlRig_Wedge_1mm.ubulk" 853
"../../../Engine/Plugins/Animation/ControlRig/Content/Controls/ControlRig_Wedge_1mm.uasset" 854
"../../../Engine/Plugins/Animation/ControlRig/Content/Controls/ControlRig_Wedge_1mm.uexp" 855
"../../../Engine/Plugins/Animation/ControlRig/Content/Controls/ControlRig_Wedge_3mm.ubulk" 856
"../../../Engine/Plugins/Animation/ControlRig/Content/Controls/ControlRig_Wedge_3mm.uasset" 857
"../../../Engine/Plugins/Animation/ControlRig/Content/Controls/ControlRig_Wedge_3mm.uexp" 858
"../../../Engine/Plugins/Animation/ControlRig/Content/Controls/ControlRig_Wedge_solid.ubulk" 859
"../../../Engine/Plugins/Animation/ControlRig/Content/Controls/ControlRig_Wedge_solid.uasset" 860
"../../../Engine/Plugins/Animation/ControlRig/Content/Controls/ControlRig_Wedge_solid.uexp" 861
"../../../Engine/Plugins/Media/MediaPlate/Content/SM_MediaPlateScreen.ubulk" 862
"../../../Engine/Plugins/Media/MediaPlate/Content/SM_MediaPlateScreen.uasset" 863
"../../../Engine/Plugins/Media/MediaPlate/Content/SM_MediaPlateScreen.uexp" 864
"../../../Engine/Content/Functions/Engine_MaterialFunctions02/Texturing/CustomRotator.uasset" 865
"../../../Engine/Content/Functions/Engine_MaterialFunctions02/Texturing/CustomRotator.uexp" 866
"../../../Engine/Content/Functions/Engine_MaterialFunctions01/Texturing/ScaleUVsByCenter.uasset" 867
"../../../Engine/Content/Functions/Engine_MaterialFunctions01/Texturing/ScaleUVsByCenter.uexp" 868
"../../../Engine/Content/Functions/Engine_MaterialFunctions01/Gradient/GeneratedRoundRect.uasset" 869
"../../../Engine/Content/Functions/Engine_MaterialFunctions01/Gradient/GeneratedRoundRect.uexp" 870
"../../../Engine/Content/Functions/Engine_MaterialFunctions01/Gradient/SphereGradient-2D.uasset" 871
"../../../Engine/Content/Functions/Engine_MaterialFunctions01/Gradient/SphereGradient-2D.uexp" 872
"../../../Engine/Plugins/Runtime/AudioWidgets/Content/AudioMaterialSlate/Functions/MF_DotOutlined.uasset" 873
"../../../Engine/Plugins/Runtime/AudioWidgets/Content/AudioMaterialSlate/Functions/MF_DotOutlined.uexp" 874
"../../../Engine/Plugins/Runtime/AudioWidgets/Content/AudioMaterialSlate/M_AudioMaterialEnvelope_ADSR.uasset" 875
"../../../Engine/Plugins/Runtime/AudioWidgets/Content/AudioMaterialSlate/M_AudioMaterialEnvelope_ADSR.uexp" 876
"../../../Engine/Plugins/Runtime/AudioWidgets/Content/AudioMaterialSlate/MI_AudioMaterialEnvelope_ADSR.uasset" 877
"../../../Engine/Plugins/Runtime/AudioWidgets/Content/AudioMaterialSlate/MI_AudioMaterialEnvelope_ADSR.uexp" 878
"../../../Engine/Plugins/Runtime/AudioWidgets/Content/AudioMaterialSlate/Functions/MF_SingleLine_Smooth.uasset" 879
"../../../Engine/Plugins/Runtime/AudioWidgets/Content/AudioMaterialSlate/Functions/MF_SingleLine_Smooth.uexp" 880
"../../../Engine/Plugins/Runtime/AudioWidgets/Content/AudioMaterialSlate/Functions/MF_AngleGradient.uasset" 881
"../../../Engine/Plugins/Runtime/AudioWidgets/Content/AudioMaterialSlate/Functions/MF_AngleGradient.uexp" 882
"../../../Engine/Content/Functions/Engine_MaterialFunctions02/Lerp_3Color.uasset" 883
"../../../Engine/Content/Functions/Engine_MaterialFunctions02/Lerp_3Color.uexp" 884
"../../../Engine/Plugins/Runtime/AudioWidgets/Content/AudioMaterialSlate/M_AudioMaterialKnob.uasset" 885
"../../../Engine/Plugins/Runtime/AudioWidgets/Content/AudioMaterialSlate/M_AudioMaterialKnob.uexp" 886
"../../../Engine/Plugins/Runtime/AudioWidgets/Content/AudioMaterialSlate/MI_AudioMaterialKnob.uasset" 887
"../../../Engine/Plugins/Runtime/AudioWidgets/Content/AudioMaterialSlate/MI_AudioMaterialKnob.uexp" 888
"../../../Engine/Plugins/Runtime/AudioWidgets/Content/AudioMaterialSlate/Functions/MF_Lines.uasset" 889
"../../../Engine/Plugins/Runtime/AudioWidgets/Content/AudioMaterialSlate/Functions/MF_Lines.uexp" 890
"../../../Engine/Plugins/Runtime/AudioWidgets/Content/AudioMaterialSlate/M_AudioMaterialMeter.uasset" 891
"../../../Engine/Plugins/Runtime/AudioWidgets/Content/AudioMaterialSlate/M_AudioMaterialMeter.uexp" 892
"../../../Engine/Plugins/Runtime/AudioWidgets/Content/AudioMaterialSlate/MI_AudioMaterialMeter.uasset" 893
"../../../Engine/Plugins/Runtime/AudioWidgets/Content/AudioMaterialSlate/MI_AudioMaterialMeter.uexp" 894
"../../../Engine/Plugins/Runtime/AudioWidgets/Content/AudioMaterialSlate/M_AudioMaterialRoundedSlider.uasset" 895
"../../../Engine/Plugins/Runtime/AudioWidgets/Content/AudioMaterialSlate/M_AudioMaterialRoundedSlider.uexp" 896
"../../../Engine/Plugins/Runtime/AudioWidgets/Content/AudioMaterialSlate/MI_AudioMaterialRoundedSlider.uasset" 897
"../../../Engine/Plugins/Runtime/AudioWidgets/Content/AudioMaterialSlate/MI_AudioMaterialRoundedSlider.uexp" 898
"../../../Engine/Plugins/Runtime/AudioWidgets/Content/AudioMaterialSlate/Functions/MF_SingleLine.uasset" 899
"../../../Engine/Plugins/Runtime/AudioWidgets/Content/AudioMaterialSlate/Functions/MF_SingleLine.uexp" 900
"../../../Engine/Plugins/Runtime/AudioWidgets/Content/AudioMaterialSlate/M_AudioMaterialToggleButton.uasset" 901
"../../../Engine/Plugins/Runtime/AudioWidgets/Content/AudioMaterialSlate/M_AudioMaterialToggleButton.uexp" 902
"../../../Engine/Plugins/Runtime/AudioWidgets/Content/AudioMaterialSlate/MI_AudioMaterialToggleButton.uasset" 903
"../../../Engine/Plugins/Runtime/AudioWidgets/Content/AudioMaterialSlate/MI_AudioMaterialToggleButton.uexp" 904
"D:/UnrealProject/StealthFPS/Content/Arms/PlayerArm/PlayerArm_PhysicsAsset.uasset" 905
"D:/UnrealProject/StealthFPS/Content/Arms/PlayerArm/PlayerArm_PhysicsAsset.uexp" 906
"D:/UnrealProject/StealthFPS/Content/Arms/PlayerArm/PlayerArm.uasset" 907
"D:/UnrealProject/StealthFPS/Content/Arms/PlayerArm/PlayerArm.uexp" 908
"D:/UnrealProject/StealthFPS/Content/DataAssets/Movement/RUN.uasset" 909
"D:/UnrealProject/StealthFPS/Content/DataAssets/Movement/RUN.uexp" 910
"D:/UnrealProject/StealthFPS/Content/DataAssets/Movement/SIT.uasset" 911
"D:/UnrealProject/StealthFPS/Content/DataAssets/Movement/SIT.uexp" 912
"D:/UnrealProject/StealthFPS/Content/DataAssets/Movement/Walk.uasset" 913
"D:/UnrealProject/StealthFPS/Content/DataAssets/Movement/Walk.uexp" 914
"../../../Engine/Content/EngineResources/LandscapeVisibilityLayerInfo.uasset" 915
"../../../Engine/Content/EngineResources/LandscapeVisibilityLayerInfo.uexp" 916
"../../../Engine/Content/VREditor/TransformGizmo/StartRotationHandleIndicator.ubulk" 917
"../../../Engine/Content/VREditor/TransformGizmo/StartRotationHandleIndicator.uasset" 918
"../../../Engine/Content/VREditor/TransformGizmo/StartRotationHandleIndicator.uexp" 919
"../../../Engine/Content/VREditor/Sounds/UI/Drop_Item_From_ContentBrowser.ubulk" 920
"../../../Engine/Content/VREditor/Sounds/UI/Drop_Item_From_ContentBrowser.uasset" 921
"../../../Engine/Content/VREditor/Sounds/UI/Drop_Item_From_ContentBrowser.uexp" 922
"../../../Engine/Content/VREditor/TransformGizmo/PlaneTranslationHandle.ubulk" 923
"../../../Engine/Content/VREditor/TransformGizmo/PlaneTranslationHandle.uasset" 924
"../../../Engine/Content/VREditor/TransformGizmo/PlaneTranslationHandle.uexp" 925
"../../../Engine/Content/VREditor/Sounds/UI/Object_Snaps_To_Grid.ubulk" 926
"../../../Engine/Content/VREditor/Sounds/UI/Object_Snaps_To_Grid.uasset" 927
"../../../Engine/Content/VREditor/Sounds/UI/Object_Snaps_To_Grid.uexp" 928
"../../../Engine/Content/VREditor/Sounds/UI/Selection_Changes.ubulk" 929
"../../../Engine/Content/VREditor/Sounds/UI/Selection_Changes.uasset" 930
"../../../Engine/Content/VREditor/Sounds/UI/Selection_Changes.uexp" 931
"../../../Engine/Content/VREditor/Sounds/UI/Object_Snaps_To_Another_Actor.ubulk" 932
"../../../Engine/Content/VREditor/Sounds/UI/Object_Snaps_To_Another_Actor.uasset" 933
"../../../Engine/Content/VREditor/Sounds/UI/Object_Snaps_To_Another_Actor.uexp" 934
"../../../Engine/Content/VREditor/TransformGizmo/TranslucentTransformGizmoMaterial_Inst.uasset" 935
"../../../Engine/Content/VREditor/TransformGizmo/TranslucentTransformGizmoMaterial_Inst.uexp" 936
"../../../Engine/Content/VREditor/TransformGizmo/TransformGizmoFreeRotation.ubulk" 937
"../../../Engine/Content/VREditor/TransformGizmo/TransformGizmoFreeRotation.uasset" 938
"../../../Engine/Content/VREditor/TransformGizmo/TransformGizmoFreeRotation.uexp" 939
"../../../Engine/Content/VREditor/Sounds/UI/Scaling_Down.ubulk" 940
"../../../Engine/Content/VREditor/Sounds/UI/Scaling_Down.uasset" 941
"../../../Engine/Content/VREditor/Sounds/UI/Scaling_Down.uexp" 942
"../../../Engine/Content/Functions/Engine_MaterialFunctions02/SplitComponents.uasset" 943
"../../../Engine/Content/Functions/Engine_MaterialFunctions02/SplitComponents.uexp" 944
"../../../Engine/Content/VREditor/SnapGrid/SnapGridMaterial.uasset" 945
"../../../Engine/Content/VREditor/SnapGrid/SnapGridMaterial.uexp" 946
"../../../Engine/Content/VREditor/SnapGrid/SnapGridPlaneMesh.ubulk" 947
"../../../Engine/Content/VREditor/SnapGrid/SnapGridPlaneMesh.uasset" 948
"../../../Engine/Content/VREditor/SnapGrid/SnapGridPlaneMesh.uexp" 949
"../../../Engine/Content/VREditor/Sounds/UI/Scaling_Up.ubulk" 950
"../../../Engine/Content/VREditor/Sounds/UI/Scaling_Up.uasset" 951
"../../../Engine/Content/VREditor/Sounds/UI/Scaling_Up.uexp" 952
"../../../Engine/Content/VREditor/TransformGizmo/TransformGizmoMaterial_Inst.uasset" 953
"../../../Engine/Content/VREditor/TransformGizmo/TransformGizmoMaterial_Inst.uexp" 954
"../../../Engine/Content/VREditor/Sounds/UI/Gizmo_Handle_Clicked.ubulk" 955
"../../../Engine/Content/VREditor/Sounds/UI/Gizmo_Handle_Clicked.uasset" 956
"../../../Engine/Content/VREditor/Sounds/UI/Gizmo_Handle_Clicked.uexp" 957
"../../../Engine/Content/VREditor/TransformGizmo/RotationHandleQuarter.ubulk" 958
"../../../Engine/Content/VREditor/TransformGizmo/RotationHandleQuarter.uasset" 959
"../../../Engine/Content/VREditor/TransformGizmo/RotationHandleQuarter.uexp" 960
"../../../Engine/Content/VREditor/TransformGizmo/TranslateArrowHandle.ubulk" 961
"../../../Engine/Content/VREditor/TransformGizmo/TranslateArrowHandle.uasset" 962
"../../../Engine/Content/VREditor/TransformGizmo/TranslateArrowHandle.uexp" 963
"../../../Engine/Content/VREditor/TransformGizmo/RotationHandleIndicator.ubulk" 964
"../../../Engine/Content/VREditor/TransformGizmo/RotationHandleIndicator.uasset" 965
"../../../Engine/Content/VREditor/TransformGizmo/RotationHandleIndicator.uexp" 966
"../../../Engine/Content/VREditor/TransformGizmo/UniformScaleHandle.ubulk" 967
"../../../Engine/Content/VREditor/TransformGizmo/UniformScaleHandle.uasset" 968
"../../../Engine/Content/VREditor/TransformGizmo/UniformScaleHandle.uexp" 969
"../../../Engine/Content/VREditor/TransformGizmo/RotationHandleFull.ubulk" 970
"../../../Engine/Content/VREditor/TransformGizmo/RotationHandleFull.uasset" 971
"../../../Engine/Content/VREditor/TransformGizmo/RotationHandleFull.uexp" 972
"../../../Engine/Content/VREditor/Sounds/UI/Object_PickUp.ubulk" 973
"../../../Engine/Content/VREditor/Sounds/UI/Object_PickUp.uasset" 974
"../../../Engine/Content/VREditor/Sounds/UI/Object_PickUp.uexp" 975
"../../../Engine/Plugins/Animation/DeformerGraph/Content/DeformerFunctions/DG_Function_ComputeNormalsTangents.uasset" 976
"../../../Engine/Plugins/Animation/DeformerGraph/Content/DeformerFunctions/DG_Function_ComputeNormalsTangents.uexp" 977
"../../../Engine/Plugins/Animation/DeformerGraph/Content/DeformerFunctions/DG_Function_LinearBlendSkin_Morph_Cloth.uasset" 978
"../../../Engine/Plugins/Animation/DeformerGraph/Content/DeformerFunctions/DG_Function_LinearBlendSkin_Morph_Cloth.uexp" 979
"../../../Engine/Plugins/Animation/DeformerGraph/Content/DeformerFunctions/DG_Function_LinearBlendSkin_Morph_Cloth_PositionOnly.uasset" 980
"../../../Engine/Plugins/Animation/DeformerGraph/Content/DeformerFunctions/DG_Function_LinearBlendSkin_Morph_Cloth_PositionOnly.uexp" 981
"../../../Engine/Plugins/Animation/DeformerGraph/Content/Deformers/DG_LinearBlendSkin_Morph_Cloth.uasset" 982
"../../../Engine/Plugins/Animation/DeformerGraph/Content/Deformers/DG_LinearBlendSkin_Morph_Cloth.uexp" 983
"../../../Engine/Plugins/Animation/DeformerGraph/Content/Deformers/DG_LinearBlendSkin_Morph_Cloth_RecomputeNormals.uasset" 984
"../../../Engine/Plugins/Animation/DeformerGraph/Content/Deformers/DG_LinearBlendSkin_Morph_Cloth_RecomputeNormals.uexp" 985
"../../../Engine/Plugins/NNE/NNEDenoiser/Content/NNE_oidn2-3-0_rt_hdr_alb_nrm_small__dyn__fp16_opset11_DenoiseAlpha.uasset" 986
"../../../Engine/Plugins/NNE/NNEDenoiser/Content/NNE_oidn2-3-0_rt_hdr_alb_nrm_small__dyn__fp16_opset11_DenoiseAlpha.uexp" 987
"../../../Engine/Plugins/NNE/NNEDenoiser/Content/NNE_oidn2-3-0_rt_hdr_alb_nrm_small__dyn__fp16_opset11_ForwardAlpha.uasset" 988
"../../../Engine/Plugins/NNE/NNEDenoiser/Content/NNE_oidn2-3-0_rt_hdr_alb_nrm_small__dyn__fp16_opset11_ForwardAlpha.uexp" 989
"../../../Engine/Plugins/NNE/NNEDenoiser/Content/NNE_oidn2-3-0_rt_hdr_alb_nrm__dyn__fp16_opset11_DenoiseAlpha.uasset" 990
"../../../Engine/Plugins/NNE/NNEDenoiser/Content/NNE_oidn2-3-0_rt_hdr_alb_nrm__dyn__fp16_opset11_DenoiseAlpha.uexp" 991
"../../../Engine/Plugins/NNE/NNEDenoiser/Content/NNE_oidn2-3-0_rt_hdr_alb_nrm__dyn__fp16_opset11_ForwardAlpha.uasset" 992
"../../../Engine/Plugins/NNE/NNEDenoiser/Content/NNE_oidn2-3-0_rt_hdr_alb_nrm__dyn__fp16_opset11_ForwardAlpha.uexp" 993
"../../../Engine/Plugins/NNE/NNEDenoiser/Content/NNE_oidn2-3-0_rt_hdr_calb_cnrm_large__dyn__fp16_opset11_DenoiseAlpha.uasset" 994
"../../../Engine/Plugins/NNE/NNEDenoiser/Content/NNE_oidn2-3-0_rt_hdr_calb_cnrm_large__dyn__fp16_opset11_DenoiseAlpha.uexp" 995
"../../../Engine/Plugins/NNE/NNEDenoiser/Content/NNE_oidn2-3-0_rt_hdr_calb_cnrm_large__dyn__fp16_opset11_ForwardAlpha.uasset" 996
"../../../Engine/Plugins/NNE/NNEDenoiser/Content/NNE_oidn2-3-0_rt_hdr_calb_cnrm_large__dyn__fp16_opset11_ForwardAlpha.uexp" 997
"D:/UnrealProject/StealthFPS/Content/Input/InputAction/IA_Aim.uasset" 998
"D:/UnrealProject/StealthFPS/Content/Input/InputAction/IA_Aim.uexp" 999
"D:/UnrealProject/StealthFPS/Content/Input/InputAction/IA_Sit.uasset" 1000
"D:/UnrealProject/StealthFPS/Content/Input/InputAction/IA_Sit.uexp" 1001
"D:/UnrealProject/StealthFPS/Content/Input/InputAction/IA_Fire.uasset" 1002
"D:/UnrealProject/StealthFPS/Content/Input/InputAction/IA_Fire.uexp" 1003
"D:/UnrealProject/StealthFPS/Content/Input/InputAction/IA_Run.uasset" 1004
"D:/UnrealProject/StealthFPS/Content/Input/InputAction/IA_Run.uexp" 1005
"D:/UnrealProject/StealthFPS/Content/Input/InputAction/IA_Movement.uasset" 1006
"D:/UnrealProject/StealthFPS/Content/Input/InputAction/IA_Movement.uexp" 1007
"D:/UnrealProject/StealthFPS/Content/Input/InputAction/IA_TakeDown.uasset" 1008
"D:/UnrealProject/StealthFPS/Content/Input/InputAction/IA_TakeDown.uexp" 1009
"D:/UnrealProject/StealthFPS/Content/Input/InputAction/IA_Reload.uasset" 1010
"D:/UnrealProject/StealthFPS/Content/Input/InputAction/IA_Reload.uexp" 1011
"D:/UnrealProject/StealthFPS/Content/Input/InputAction/IA_Look.uasset" 1012
"D:/UnrealProject/StealthFPS/Content/Input/InputAction/IA_Look.uexp" 1013
"D:/UnrealProject/StealthFPS/Content/Input/IMC_Default.uasset" 1014
"D:/UnrealProject/StealthFPS/Content/Input/IMC_Default.uexp" 1015
"../../../Engine/Plugins/NNE/NNEDenoiser/Content/NNEDT_Oidn2-3_Balanced.uasset" 1016
"../../../Engine/Plugins/NNE/NNEDenoiser/Content/NNEDT_Oidn2-3_Balanced.uexp" 1017
"../../../Engine/Plugins/NNE/NNEDenoiser/Content/NNEDT_Oidn2-3_Balanced_Alpha.uasset" 1018
"../../../Engine/Plugins/NNE/NNEDenoiser/Content/NNEDT_Oidn2-3_Balanced_Alpha.uexp" 1019
"../../../Engine/Plugins/NNE/NNEDenoiser/Content/NNED_Oidn2-3_Balanced.uasset" 1020
"../../../Engine/Plugins/NNE/NNEDenoiser/Content/NNED_Oidn2-3_Balanced.uexp" 1021
"../../../Engine/Plugins/NNE/NNEDenoiser/Content/NNED_Oidn2-3_Balanced_Alpha.uasset" 1022
"../../../Engine/Plugins/NNE/NNEDenoiser/Content/NNED_Oidn2-3_Balanced_Alpha.uexp" 1023
"../../../Engine/Plugins/NNE/NNEDenoiser/Content/NNED_Oidn2-3_Fast.uasset" 1024
"../../../Engine/Plugins/NNE/NNEDenoiser/Content/NNED_Oidn2-3_Fast.uexp" 1025
"../../../Engine/Plugins/NNE/NNEDenoiser/Content/NNED_Oidn2-3_Fast_Alpha.uasset" 1026
"../../../Engine/Plugins/NNE/NNEDenoiser/Content/NNED_Oidn2-3_Fast_Alpha.uexp" 1027
"../../../Engine/Plugins/NNE/NNEDenoiser/Content/NNED_Oidn2-3_HighQuality.uasset" 1028
"../../../Engine/Plugins/NNE/NNEDenoiser/Content/NNED_Oidn2-3_HighQuality.uexp" 1029
"../../../Engine/Plugins/NNE/NNEDenoiser/Content/NNED_Oidn2-3_HighQuality_Alpha.uasset" 1030
"../../../Engine/Plugins/NNE/NNEDenoiser/Content/NNED_Oidn2-3_HighQuality_Alpha.uexp" 1031
"D:/UnrealProject/StealthFPS/Content/Soldier/SovietEnemy_Skeleton.uasset" 1032
"D:/UnrealProject/StealthFPS/Content/Soldier/SovietEnemy_Skeleton.uexp" 1033
"D:/UnrealProject/StealthFPS/Content/Soldier/PeaceIdle.uasset" 1034
"D:/UnrealProject/StealthFPS/Content/Soldier/PeaceIdle.uexp" 1035
"D:/UnrealProject/StealthFPS/Content/Soldier/Die_Front.uasset" 1036
"D:/UnrealProject/StealthFPS/Content/Soldier/Die_Front.uexp" 1037
"D:/UnrealProject/StealthFPS/Content/Animation/Enemy/ABP_Soldier.uasset" 1038
"D:/UnrealProject/StealthFPS/Content/Animation/Enemy/ABP_Soldier.uexp" 1039
"../../../Engine/Plugins/Interchange/Assets/Content/gltf/MaterialInstances/MI_Default_Mask_DS.uasset" 1040
"../../../Engine/Plugins/Interchange/Assets/Content/gltf/MaterialInstances/MI_Default_Mask_DS.uexp" 1041
"D:/UnrealProject/StealthFPS/Content/Soldier/WW2_Soldier_NomalBody_png.ubulk" 1042
"D:/UnrealProject/StealthFPS/Content/Soldier/WW2_Soldier_NomalBody_png.uasset" 1043
"D:/UnrealProject/StealthFPS/Content/Soldier/WW2_Soldier_NomalBody_png.uexp" 1044
"D:/UnrealProject/StealthFPS/Content/Soldier/SovietEnemy_material_0.uasset" 1045
"D:/UnrealProject/StealthFPS/Content/Soldier/SovietEnemy_material_0.uexp" 1046
"D:/UnrealProject/StealthFPS/Content/Soldier/WW2_Soldier_US_NomalHead_png.ubulk" 1047
"D:/UnrealProject/StealthFPS/Content/Soldier/WW2_Soldier_US_NomalHead_png.uasset" 1048
"D:/UnrealProject/StealthFPS/Content/Soldier/WW2_Soldier_US_NomalHead_png.uexp" 1049
"D:/UnrealProject/StealthFPS/Content/Soldier/SovietEnemy_material_1.uasset" 1050
"D:/UnrealProject/StealthFPS/Content/Soldier/SovietEnemy_material_1.uexp" 1051
"D:/UnrealProject/StealthFPS/Content/Soldier/WW2_Soldier_US_NomalHelmet_png.ubulk" 1052
"D:/UnrealProject/StealthFPS/Content/Soldier/WW2_Soldier_US_NomalHelmet_png.uasset" 1053
"D:/UnrealProject/StealthFPS/Content/Soldier/WW2_Soldier_US_NomalHelmet_png.uexp" 1054
"D:/UnrealProject/StealthFPS/Content/Soldier/SovietEnemy_material_2.uasset" 1055
"D:/UnrealProject/StealthFPS/Content/Soldier/SovietEnemy_material_2.uexp" 1056
"D:/UnrealProject/StealthFPS/Content/Soldier/SovietEnemy_PhysicsAsset.uasset" 1057
"D:/UnrealProject/StealthFPS/Content/Soldier/SovietEnemy_PhysicsAsset.uexp" 1058
"D:/UnrealProject/StealthFPS/Content/Soldier/SovietEnemy.uasset" 1059
"D:/UnrealProject/StealthFPS/Content/Soldier/SovietEnemy.uexp" 1060
"D:/UnrealProject/StealthFPS/Content/Blueprint/Enemy/BP_STLTEnemy.uasset" 1061
"D:/UnrealProject/StealthFPS/Content/Blueprint/Enemy/BP_STLTEnemy.uexp" 1062
"D:/UnrealProject/StealthFPS/Content/Guns/Balls/PistolBall_Texture.ubulk" 1063
"D:/UnrealProject/StealthFPS/Content/Guns/Balls/PistolBall_Texture.uasset" 1064
"D:/UnrealProject/StealthFPS/Content/Guns/Balls/PistolBall_Texture.uexp" 1065
"D:/UnrealProject/StealthFPS/Content/Guns/Balls/M_PistolBall_Texture.uasset" 1066
"D:/UnrealProject/StealthFPS/Content/Guns/Balls/M_PistolBall_Texture.uexp" 1067
"D:/UnrealProject/StealthFPS/Content/Guns/Balls/M_PistolBall_Texture_Inst.uasset" 1068
"D:/UnrealProject/StealthFPS/Content/Guns/Balls/M_PistolBall_Texture_Inst.uexp" 1069
"D:/UnrealProject/StealthFPS/Content/Guns/Balls/PistolBall.ubulk" 1070
"D:/UnrealProject/StealthFPS/Content/Guns/Balls/PistolBall.uasset" 1071
"D:/UnrealProject/StealthFPS/Content/Guns/Balls/PistolBall.uexp" 1072
"D:/UnrealProject/StealthFPS/Content/DataAssets/Gun/PistollBall.uasset" 1073
"D:/UnrealProject/StealthFPS/Content/DataAssets/Gun/PistollBall.uexp" 1074
"../../../Engine/Content/EngineSky/T_Sky_Stars.ubulk" 1075
"../../../Engine/Content/EngineSky/T_Sky_Stars.uasset" 1076
"../../../Engine/Content/EngineSky/T_Sky_Stars.uexp" 1077
"../../../Engine/Content/EngineSky/T_Sky_Clouds_M.ubulk" 1078
"../../../Engine/Content/EngineSky/T_Sky_Clouds_M.uasset" 1079
"../../../Engine/Content/EngineSky/T_Sky_Clouds_M.uexp" 1080
"../../../Engine/Content/EngineSky/T_Sky_Blue.ubulk" 1081
"../../../Engine/Content/EngineSky/T_Sky_Blue.uasset" 1082
"../../../Engine/Content/EngineSky/T_Sky_Blue.uexp" 1083
"../../../Engine/Content/EngineSky/M_Sky_Panning_Clouds2.uasset" 1084
"../../../Engine/Content/EngineSky/M_Sky_Panning_Clouds2.uexp" 1085
"../../../Engine/Content/EngineSky/SM_SkySphere.ubulk" 1086
"../../../Engine/Content/EngineSky/SM_SkySphere.uasset" 1087
"../../../Engine/Content/EngineSky/SM_SkySphere.uexp" 1088
"D:/UnrealProject/StealthFPS/Content/DataAssets/Inventory/DA_PistolSubAmmo.uasset" 1089
"D:/UnrealProject/StealthFPS/Content/DataAssets/Inventory/DA_PistolSubAmmo.uexp" 1090
"D:/UnrealProject/StealthFPS/Content/Arms/PlayerArm/ArmAnimation/PistolFire.uasset" 1091
"D:/UnrealProject/StealthFPS/Content/Arms/PlayerArm/ArmAnimation/PistolFire.uexp" 1092
"D:/UnrealProject/StealthFPS/Content/Arms/PlayerArm/ArmAnimation/AM_PistolFire.uasset" 1093
"D:/UnrealProject/StealthFPS/Content/Arms/PlayerArm/ArmAnimation/AM_PistolFire.uexp" 1094
"D:/UnrealProject/StealthFPS/Content/Arms/PlayerArm/ArmAnimation/PistolAim.uasset" 1095
"D:/UnrealProject/StealthFPS/Content/Arms/PlayerArm/ArmAnimation/PistolAim.uexp" 1096
"D:/UnrealProject/StealthFPS/Content/Arms/PlayerArm/ArmAnimation/PistolRun.uasset" 1097
"D:/UnrealProject/StealthFPS/Content/Arms/PlayerArm/ArmAnimation/PistolRun.uexp" 1098
"D:/UnrealProject/StealthFPS/Content/Arms/PlayerArm/ArmAnimation/PistolIdle.uasset" 1099
"D:/UnrealProject/StealthFPS/Content/Arms/PlayerArm/ArmAnimation/PistolIdle.uexp" 1100
"D:/UnrealProject/StealthFPS/Content/Animation/Player/ABP_M1911.uasset" 1101
"D:/UnrealProject/StealthFPS/Content/Animation/Player/ABP_M1911.uexp" 1102
"D:/UnrealProject/StealthFPS/Content/Arms/PlayerArm/ArmAnimation/PistolReload.uasset" 1103
"D:/UnrealProject/StealthFPS/Content/Arms/PlayerArm/ArmAnimation/PistolReload.uexp" 1104
"D:/UnrealProject/StealthFPS/Content/Arms/PlayerArm/ArmAnimation/AM_PistolRealod.uasset" 1105
"D:/UnrealProject/StealthFPS/Content/Arms/PlayerArm/ArmAnimation/AM_PistolRealod.uexp" 1106
"D:/UnrealProject/StealthFPS/Content/Guns/M1911/M1911_Texture_png.uasset" 1107
"D:/UnrealProject/StealthFPS/Content/Guns/M1911/M1911_Texture_png.uexp" 1108
"D:/UnrealProject/StealthFPS/Content/Guns/M1911/M_M1911Body.uasset" 1109
"D:/UnrealProject/StealthFPS/Content/Guns/M1911/M_M1911Body.uexp" 1110
"D:/UnrealProject/StealthFPS/Content/Guns/M1911/M1911.ubulk" 1111
"D:/UnrealProject/StealthFPS/Content/Guns/M1911/M1911.uasset" 1112
"D:/UnrealProject/StealthFPS/Content/Guns/M1911/M1911.uexp" 1113
"D:/UnrealProject/StealthFPS/Content/Arms/PlayerArm/ArmAnimation/PistolAimFire.uasset" 1114
"D:/UnrealProject/StealthFPS/Content/Arms/PlayerArm/ArmAnimation/PistolAimFire.uexp" 1115
"D:/UnrealProject/StealthFPS/Content/Arms/PlayerArm/ArmAnimation/AM_PistolAimFire.uasset" 1116
"D:/UnrealProject/StealthFPS/Content/Arms/PlayerArm/ArmAnimation/AM_PistolAimFire.uexp" 1117
"D:/UnrealProject/StealthFPS/Content/DataAssets/Gun/M1911.uasset" 1118
"D:/UnrealProject/StealthFPS/Content/DataAssets/Gun/M1911.uexp" 1119
"D:/UnrealProject/StealthFPS/Content/Blueprint/Gun/BP_Gun_M1911.uasset" 1120
"D:/UnrealProject/StealthFPS/Content/Blueprint/Gun/BP_Gun_M1911.uexp" 1121
"D:/UnrealProject/StealthFPS/Content/Blueprint/Box/BP_GunBox.uasset" 1122
"D:/UnrealProject/StealthFPS/Content/Blueprint/Box/BP_GunBox.uexp" 1123
"D:/UnrealProject/StealthFPS/Content/Blueprint/Box/BP_BallBox.uasset" 1124
"D:/UnrealProject/StealthFPS/Content/Blueprint/Box/BP_BallBox.uexp" 1125
"../../../Engine/Content/BasicShapes/Cube.ubulk" 1126
"../../../Engine/Content/BasicShapes/Cube.uasset" 1127
"../../../Engine/Content/BasicShapes/Cube.uexp" 1128
"../../../Engine/Content/BasicShapes/BasicShapeMaterial.uasset" 1129
"../../../Engine/Content/BasicShapes/BasicShapeMaterial.uexp" 1130
"D:/UnrealProject/StealthFPS/Content/Blueprint/Obstacle/BP_CubeBox.uasset" 1131
"D:/UnrealProject/StealthFPS/Content/Blueprint/Obstacle/BP_CubeBox.uexp" 1132
"D:/UnrealProject/StealthFPS/Content/Blueprint/GameMode/BP_STLTGameMode.uasset" 1133
"D:/UnrealProject/StealthFPS/Content/Blueprint/GameMode/BP_STLTGameMode.uexp" 1134
"../../../Engine/Content/EngineSky/M_SimpleSkyDome.uasset" 1135
"../../../Engine/Content/EngineSky/M_SimpleSkyDome.uexp" 1136
"D:/UnrealProject/StealthFPS/Content/PARK/Maps/TestMap1.uexp" 1137
"D:/UnrealProject/StealthFPS/Content/PARK/Maps/TestMap1.umap" 1138
"../../../Engine/Content/Maps/Entry_BuiltData.uasset" 1139
"../../../Engine/Content/Maps/Entry_BuiltData.uexp" 1140
"../../../Engine/Content/Maps/Entry.uexp" 1141
"../../../Engine/Content/Maps/Entry.umap" 1142
